To honour the JVM settings for this build a new JVM will be forked. Please consider using the daemon: https://docs.gradle.org/4.5/userguide/gradle_daemon.html.
Daemon will be stopped at the end of the build stopping after processing
:buildSrc:compileJava UP-TO-DATE
:buildSrc:compileGroovy UP-TO-DATE
:buildSrc:writeVersionProperties UP-TO-DATE
:buildSrc:processResources UP-TO-DATE
:buildSrc:classes UP-TO-DATE
:buildSrc:jar UP-TO-DATE
:buildSrc:assemble UP-TO-DATE
:buildSrc:compileTestJava UP-TO-DATE
:buildSrc:compileTestGroovy UP-TO-DATE
:buildSrc:processTestResources NO-SOURCE
:buildSrc:testClasses UP-TO-DATE
:buildSrc:test UP-TO-DATE
:buildSrc:check UP-TO-DATE
:buildSrc:build UP-TO-DATE
=======================================
Elasticsearch Build Hamster says Hello!
=======================================
  Gradle Version        : 4.5
  OS Info               : Mac OS X 10.13.3 (x86_64)
  JDK Version           : Oracle Corporation 9.0.1 [Java HotSpot(TM) 64-Bit Server VM 9.0.1+11]
  JAVA_HOME             : /Library/Java/JavaVirtualMachines/jdk-9.0.1.jdk/Contents/Home
  Random Testing Seed   : F15795365616282
:rest-api-spec:compileJava NO-SOURCE
:rest-api-spec:processResources
:rest-api-spec:classes
:rest-api-spec:jar
Building without git revision id.
:qa:mixed-cluster:processTestResources UP-TO-DATE
:qa:mixed-cluster:copyRestSpec
:libs:elasticsearch-core:compileJava UP-TO-DATE
:libs:elasticsearch-core:processResources NO-SOURCE
:libs:elasticsearch-core:classes UP-TO-DATE
:libs:elasticsearch-core:jar UP-TO-DATE
:libs:plugin-classloader:compileJava UP-TO-DATE
:libs:plugin-classloader:processResources NO-SOURCE
:libs:plugin-classloader:classes UP-TO-DATE
:libs:plugin-classloader:jar UP-TO-DATE
:libs:secure-sm:compileJava UP-TO-DATE
:libs:secure-sm:processResources NO-SOURCE
:libs:secure-sm:classes UP-TO-DATE
:libs:secure-sm:jar UP-TO-DATE
:server:cli:compileJava UP-TO-DATE
:server:cli:processResources NO-SOURCE
:server:cli:classes UP-TO-DATE
:server:cli:jar UP-TO-DATE
:server:compileJava UP-TO-DATE
:server:generateModulesList UP-TO-DATE
:server:generatePluginsList UP-TO-DATE
:server:processResources UP-TO-DATE
:server:classes UP-TO-DATE
:server:compileJava9Java UP-TO-DATE
:server:processJava9Resources NO-SOURCE
:server:java9Classes UP-TO-DATE
:server:jar UP-TO-DATE
:client:rest:compileJava UP-TO-DATE
:client:rest:processResources NO-SOURCE
:client:rest:classes UP-TO-DATE
:client:rest:jar UP-TO-DATE
:test:framework:compileJava UP-TO-DATE
:test:framework:processResources UP-TO-DATE
:test:framework:classes UP-TO-DATE
:test:framework:jar UP-TO-DATE
:qa:mixed-cluster:compileTestJava UP-TO-DATE
:qa:mixed-cluster:testClasses UP-TO-DATE
:qa:mixed-cluster:v5.6.8-SNAPSHOT#mixedClusterTestCluster#init UP-TO-DATE
:qa:mixed-cluster:v5.6.8-SNAPSHOT#mixedClusterTestCluster#prepareCluster.cleanShared
:qa:mixed-cluster:v5.6.8-SNAPSHOT#mixedClusterTestCluster#node0.clean
:qa:mixed-cluster:v5.6.8-SNAPSHOT#mixedClusterTestCluster#node0.createCwd
:qa:mixed-cluster:v5.6.8-SNAPSHOT#mixedClusterTestCluster#node0.checkPrevious SKIPPED
:qa:mixed-cluster:v5.6.8-SNAPSHOT#mixedClusterTestCluster#node0.stopPrevious SKIPPED
:distribution:bwc:maintenance-bugfix-snapshot:createClone SKIPPED
:distribution:bwc:maintenance-bugfix-snapshot:findRemote
:distribution:bwc:maintenance-bugfix-snapshot:addRemote SKIPPED
:distribution:bwc:maintenance-bugfix-snapshot:fetchLatest
:distribution:bwc:maintenance-bugfix-snapshot:checkoutBwcBranch
Checking out elasticsearch elastic/5.6 for branch 5.6
:distribution:bwc:maintenance-bugfix-snapshot:writeBuildMetadata
Checked out elasticsearch commit 688ecce2a28eb6e1e1a357c538200e375c536471

:distribution:bwc:maintenance-bugfix-snapshot:buildBwcVersion
To honour the JVM settings for this build a new JVM will be forked. Please consider using the daemon: https://docs.gradle.org/4.3/userguide/gradle_daemon.html.
Daemon will be stopped at the end of the build stopping after processing
:buildSrc:compileJava UP-TO-DATE
:buildSrc:compileGroovy UP-TO-DATE
:buildSrc:writeVersionProperties UP-TO-DATE
:buildSrc:processResources UP-TO-DATE
:buildSrc:classes UP-TO-DATE
:buildSrc:jar UP-TO-DATE
:buildSrc:assemble UP-TO-DATE
:buildSrc:compileTestJava UP-TO-DATE
:buildSrc:compileTestGroovy NO-SOURCE
:buildSrc:processTestResources NO-SOURCE
:buildSrc:testClasses UP-TO-DATE
:buildSrc:test NO-SOURCE
:buildSrc:check UP-TO-DATE
:buildSrc:build UP-TO-DATE
Gradle now uses separate output directories for each JVM language, but this build assumes a single directory for all classes from a source set. This behaviour has been deprecated and is scheduled to be removed in Gradle 5.0
	at build_asfqstyle8lkk38jqroe0ygni.run(/Users/colings86/dev/work/git/elasticsearch-6.x/distribution/bwc/maintenance-bugfix-snapshot/build/bwc/checkout-5.6/benchmarks/build.gradle:31)
	(Run with --stacktrace to get the full stack trace of this deprecation warning.)
=======================================
Elasticsearch Build Hamster says Hello!
=======================================
  Gradle Version        : 4.3
  OS Info               : Mac OS X 10.13.3 (x86_64)
  JDK Version           : Oracle Corporation 9.0.1 [Java HotSpot(TM) 64-Bit Server VM 9.0.1+11]
  JAVA_HOME             : /Library/Java/JavaVirtualMachines/jdk-9.0.1.jdk/Contents/Home
:core:compileJava UP-TO-DATE
:core:generateModulesList UP-TO-DATE
:core:generatePluginsList UP-TO-DATE
:core:processResources UP-TO-DATE
:core:classes UP-TO-DATE
:core:jar UP-TO-DATE
:distribution:buildFullNotice UP-TO-DATE
:modules:aggs-matrix-stats:compileJava UP-TO-DATE
:modules:aggs-matrix-stats:processResources UP-TO-DATE
:modules:aggs-matrix-stats:classes UP-TO-DATE
:modules:aggs-matrix-stats:jar UP-TO-DATE
:modules:aggs-matrix-stats:copyPluginPropertiesTemplate
:modules:aggs-matrix-stats:pluginProperties UP-TO-DATE
:modules:aggs-matrix-stats:bundlePlugin UP-TO-DATE
:modules:ingest-common:compileJava UP-TO-DATE
:modules:ingest-common:processResources UP-TO-DATE
:modules:ingest-common:classes UP-TO-DATE
:modules:ingest-common:jar UP-TO-DATE
:modules:ingest-common:copyPluginPropertiesTemplate
:modules:ingest-common:pluginProperties UP-TO-DATE
:modules:ingest-common:bundlePlugin UP-TO-DATE
:modules:lang-expression:compileJava UP-TO-DATE
:modules:lang-expression:processResources NO-SOURCE
:modules:lang-expression:classes UP-TO-DATE
:modules:lang-expression:jar UP-TO-DATE
:modules:lang-expression:copyPluginPropertiesTemplate
:modules:lang-expression:pluginProperties UP-TO-DATE
:modules:lang-expression:bundlePlugin UP-TO-DATE
:modules:lang-groovy:compileJava UP-TO-DATE
:modules:lang-groovy:processResources NO-SOURCE
:modules:lang-groovy:classes UP-TO-DATE
:modules:lang-groovy:jar UP-TO-DATE
:modules:lang-groovy:copyPluginPropertiesTemplate
:modules:lang-groovy:pluginProperties UP-TO-DATE
:modules:lang-groovy:bundlePlugin UP-TO-DATE
:modules:lang-mustache:compileJava UP-TO-DATE
:modules:lang-mustache:processResources NO-SOURCE
:modules:lang-mustache:classes UP-TO-DATE
:modules:lang-mustache:jar UP-TO-DATE
:modules:lang-mustache:copyPluginPropertiesTemplate
:modules:lang-mustache:pluginProperties UP-TO-DATE
:modules:lang-mustache:bundlePlugin UP-TO-DATE
:modules:lang-painless:compileJava UP-TO-DATE
:modules:lang-painless:processResources UP-TO-DATE
:modules:lang-painless:classes UP-TO-DATE
:modules:lang-painless:jar UP-TO-DATE
:modules:lang-painless:copyPluginPropertiesTemplate
:modules:lang-painless:pluginProperties UP-TO-DATE
:modules:lang-painless:bundlePlugin UP-TO-DATE
:modules:parent-join:compileJava UP-TO-DATE
:modules:parent-join:processResources UP-TO-DATE
:modules:parent-join:classes UP-TO-DATE
:modules:parent-join:jar UP-TO-DATE
:modules:parent-join:copyPluginPropertiesTemplate
:modules:parent-join:pluginProperties UP-TO-DATE
:modules:parent-join:bundlePlugin UP-TO-DATE
:modules:percolator:compileJava UP-TO-DATE
:modules:percolator:processResources NO-SOURCE
:modules:percolator:classes UP-TO-DATE
:modules:percolator:jar UP-TO-DATE
:modules:percolator:copyPluginPropertiesTemplate
:modules:percolator:pluginProperties UP-TO-DATE
:modules:percolator:bundlePlugin UP-TO-DATE
:client:rest:compileJava UP-TO-DATE
:client:rest:processResources NO-SOURCE
:client:rest:classes UP-TO-DATE
:client:rest:jar UP-TO-DATE
:modules:reindex:compileJava UP-TO-DATE
:modules:reindex:processResources NO-SOURCE
:modules:reindex:classes UP-TO-DATE
:modules:reindex:jar UP-TO-DATE
:modules:reindex:copyPluginPropertiesTemplate
:modules:reindex:pluginProperties UP-TO-DATE
:modules:reindex:bundlePlugin UP-TO-DATE
:modules:transport-netty3:compileJava UP-TO-DATE
:modules:transport-netty3:processResources NO-SOURCE
:modules:transport-netty3:classes UP-TO-DATE
:modules:transport-netty3:jar UP-TO-DATE
:modules:transport-netty3:copyPluginPropertiesTemplate
:modules:transport-netty3:pluginProperties UP-TO-DATE
:modules:transport-netty3:bundlePlugin UP-TO-DATE
:modules:transport-netty4:compileJava UP-TO-DATE
:modules:transport-netty4:processResources NO-SOURCE
:modules:transport-netty4:classes UP-TO-DATE
:modules:transport-netty4:jar UP-TO-DATE
:modules:transport-netty4:copyPluginPropertiesTemplate
:modules:transport-netty4:pluginProperties UP-TO-DATE
:modules:transport-netty4:bundlePlugin UP-TO-DATE
:distribution:buildModules UP-TO-DATE
:distribution:deb:createDataDir
:distribution:deb:createLogDir
:distribution:deb:createPidDir
:distribution:deb:createPluginsDir
:distribution:deb:createEtc UP-TO-DATE
:distribution:deb:createEtcScripts UP-TO-DATE
:distribution:deb:fillEtc UP-TO-DATE
:distribution:deb:processPackagingFiles UP-TO-DATE
:distribution:deb:preparePackagingFiles
:distribution:tools:java-version-checker:compileJava UP-TO-DATE
:distribution:tools:java-version-checker:processResources NO-SOURCE
:distribution:tools:java-version-checker:classes UP-TO-DATE
:distribution:tools:java-version-checker:jar UP-TO-DATE
:distribution:tools:plugin-cli:compileJava UP-TO-DATE
:distribution:tools:plugin-cli:processResources NO-SOURCE
:distribution:tools:plugin-cli:classes UP-TO-DATE
:distribution:tools:plugin-cli:jar UP-TO-DATE
:distribution:deb:buildDeb UP-TO-DATE
:distribution:deb:assemble UP-TO-DATE
:distribution:rpm:createDataDir
:distribution:rpm:createLogDir
:distribution:rpm:createPidDir
:distribution:rpm:createPluginsDir
:distribution:rpm:createEtc UP-TO-DATE
:distribution:rpm:createEtcScripts UP-TO-DATE
:distribution:rpm:fillEtc UP-TO-DATE
:distribution:rpm:processPackagingFiles UP-TO-DATE
:distribution:rpm:preparePackagingFiles
:distribution:rpm:buildRpm UP-TO-DATE
:distribution:rpm:assemble UP-TO-DATE
:distribution:zip:createPluginsDir
:distribution:zip:buildZip UP-TO-DATE
:distribution:zip:generatePomFileForNebulaPublication
Unable to convert /Users/colings86/dev/work/git/elasticsearch-6.x to https form in MavenScmPlugin. Using original value.
:distribution:zip:generatePomFileForNebulaRealPomPublication
:distribution:zip:assemble

BUILD SUCCESSFUL in 17s
94 actionable tasks: 22 executed, 72 up-to-date
:qa:mixed-cluster:v5.6.8-SNAPSHOT#mixedClusterTestCluster#node0.extract
:qa:mixed-cluster:v5.6.8-SNAPSHOT#mixedClusterTestCluster#node0.configure
:qa:mixed-cluster:v5.6.8-SNAPSHOT#mixedClusterTestCluster#node0.start
:qa:mixed-cluster:v5.6.8-SNAPSHOT#mixedClusterTestCluster#node1.clean
:qa:mixed-cluster:v5.6.8-SNAPSHOT#mixedClusterTestCluster#node1.createCwd
:qa:mixed-cluster:v5.6.8-SNAPSHOT#mixedClusterTestCluster#node1.checkPrevious SKIPPED
:qa:mixed-cluster:v5.6.8-SNAPSHOT#mixedClusterTestCluster#node1.stopPrevious SKIPPED
:qa:mixed-cluster:v5.6.8-SNAPSHOT#mixedClusterTestCluster#node1.extract
:qa:mixed-cluster:v5.6.8-SNAPSHOT#mixedClusterTestCluster#node1.configure
:qa:mixed-cluster:v5.6.8-SNAPSHOT#mixedClusterTestCluster#node1.start
:qa:mixed-cluster:v5.6.8-SNAPSHOT#mixedClusterTestCluster#node2.clean
:qa:mixed-cluster:v5.6.8-SNAPSHOT#mixedClusterTestCluster#node2.createCwd
:qa:mixed-cluster:v5.6.8-SNAPSHOT#mixedClusterTestCluster#node2.checkPrevious SKIPPED
:qa:mixed-cluster:v5.6.8-SNAPSHOT#mixedClusterTestCluster#node2.stopPrevious SKIPPED
:distribution:buildFullNotice UP-TO-DATE
:modules:aggs-matrix-stats:compileJava UP-TO-DATE
:modules:aggs-matrix-stats:processResources UP-TO-DATE
:modules:aggs-matrix-stats:classes UP-TO-DATE
:modules:aggs-matrix-stats:jar UP-TO-DATE
:modules:aggs-matrix-stats:copyPluginPropertiesTemplate
:modules:aggs-matrix-stats:pluginProperties UP-TO-DATE
:modules:aggs-matrix-stats:bundlePlugin UP-TO-DATE
:modules:analysis-common:compileJava UP-TO-DATE
:modules:analysis-common:processResources NO-SOURCE
:modules:analysis-common:classes UP-TO-DATE
:modules:analysis-common:jar UP-TO-DATE
:modules:analysis-common:copyPluginPropertiesTemplate
:modules:analysis-common:pluginProperties UP-TO-DATE
:modules:analysis-common:bundlePlugin UP-TO-DATE
:modules:ingest-common:compileJava UP-TO-DATE
:modules:ingest-common:processResources UP-TO-DATE
:modules:ingest-common:classes UP-TO-DATE
:modules:ingest-common:jar UP-TO-DATE
:modules:ingest-common:copyPluginPropertiesTemplate
:modules:ingest-common:pluginProperties UP-TO-DATE
:modules:ingest-common:bundlePlugin UP-TO-DATE
:modules:lang-expression:compileJava UP-TO-DATE
:modules:lang-expression:processResources NO-SOURCE
:modules:lang-expression:classes UP-TO-DATE
:modules:lang-expression:jar UP-TO-DATE
:modules:lang-expression:copyPluginPropertiesTemplate
:modules:lang-expression:pluginProperties UP-TO-DATE
:modules:lang-expression:bundlePlugin UP-TO-DATE
:modules:lang-mustache:compileJava UP-TO-DATE
:modules:lang-mustache:processResources NO-SOURCE
:modules:lang-mustache:classes UP-TO-DATE
:modules:lang-mustache:jar UP-TO-DATE
:modules:lang-mustache:copyPluginPropertiesTemplate
:modules:lang-mustache:pluginProperties UP-TO-DATE
:modules:lang-mustache:bundlePlugin UP-TO-DATE
:modules:lang-painless:spi:compileJava UP-TO-DATE
:modules:lang-painless:spi:processResources NO-SOURCE
:modules:lang-painless:spi:classes UP-TO-DATE
:modules:lang-painless:spi:jar UP-TO-DATE
:modules:lang-painless:compileJava UP-TO-DATE
:modules:lang-painless:processResources UP-TO-DATE
:modules:lang-painless:classes UP-TO-DATE
:modules:lang-painless:jar UP-TO-DATE
:modules:lang-painless:copyPluginPropertiesTemplate
:modules:lang-painless:pluginProperties UP-TO-DATE
:modules:lang-painless:bundlePlugin UP-TO-DATE
:modules:mapper-extras:compileJava UP-TO-DATE
:modules:mapper-extras:processResources NO-SOURCE
:modules:mapper-extras:classes UP-TO-DATE
:modules:mapper-extras:jar UP-TO-DATE
:modules:mapper-extras:copyPluginPropertiesTemplate
:modules:mapper-extras:pluginProperties UP-TO-DATE
:modules:mapper-extras:bundlePlugin UP-TO-DATE
:modules:parent-join:compileJava UP-TO-DATE
:modules:parent-join:processResources UP-TO-DATE
:modules:parent-join:classes UP-TO-DATE
:modules:parent-join:jar UP-TO-DATE
:modules:parent-join:copyPluginPropertiesTemplate
:modules:parent-join:pluginProperties UP-TO-DATE
:modules:parent-join:bundlePlugin UP-TO-DATE
:modules:percolator:compileJava UP-TO-DATE
:modules:percolator:processResources NO-SOURCE
:modules:percolator:classes UP-TO-DATE
:modules:percolator:jar UP-TO-DATE
:modules:percolator:copyPluginPropertiesTemplate
:modules:percolator:pluginProperties UP-TO-DATE
:modules:percolator:bundlePlugin UP-TO-DATE
:modules:rank-eval:compileJava UP-TO-DATE
:modules:rank-eval:processResources UP-TO-DATE
:modules:rank-eval:classes UP-TO-DATE
:modules:rank-eval:jar UP-TO-DATE
:modules:rank-eval:copyPluginPropertiesTemplate
:modules:rank-eval:pluginProperties UP-TO-DATE
:modules:rank-eval:bundlePlugin UP-TO-DATE
:modules:reindex:compileJava UP-TO-DATE
:modules:reindex:processResources NO-SOURCE
:modules:reindex:classes UP-TO-DATE
:modules:reindex:jar UP-TO-DATE
:modules:reindex:copyPluginPropertiesTemplate
:modules:reindex:pluginProperties UP-TO-DATE
:modules:reindex:bundlePlugin UP-TO-DATE
:modules:repository-url:compileJava UP-TO-DATE
:modules:repository-url:processResources NO-SOURCE
:modules:repository-url:classes UP-TO-DATE
:modules:repository-url:jar UP-TO-DATE
:modules:repository-url:copyPluginPropertiesTemplate
:modules:repository-url:pluginProperties UP-TO-DATE
:modules:repository-url:bundlePlugin UP-TO-DATE
:modules:transport-netty4:compileJava UP-TO-DATE
:modules:transport-netty4:processResources NO-SOURCE
:modules:transport-netty4:classes UP-TO-DATE
:modules:transport-netty4:jar UP-TO-DATE
:modules:transport-netty4:copyPluginPropertiesTemplate
:modules:transport-netty4:pluginProperties UP-TO-DATE
:modules:transport-netty4:bundlePlugin UP-TO-DATE
:modules:tribe:compileJava UP-TO-DATE
:modules:tribe:processResources NO-SOURCE
:modules:tribe:classes UP-TO-DATE
:modules:tribe:jar UP-TO-DATE
:modules:tribe:copyPluginPropertiesTemplate
:modules:tribe:pluginProperties UP-TO-DATE
:modules:tribe:bundlePlugin UP-TO-DATE
:distribution:buildModules UP-TO-DATE
:distribution:archives:zip:createLogDir
:distribution:archives:zip:createPluginsDir
:distribution:tools:launchers:compileJava UP-TO-DATE
:distribution:tools:launchers:processResources NO-SOURCE
:distribution:tools:launchers:classes UP-TO-DATE
:distribution:tools:launchers:jar UP-TO-DATE
:distribution:tools:plugin-cli:compileJava UP-TO-DATE
:distribution:tools:plugin-cli:processResources NO-SOURCE
:distribution:tools:plugin-cli:classes UP-TO-DATE
:distribution:tools:plugin-cli:jar UP-TO-DATE
:distribution:archives:zip:buildZip UP-TO-DATE
:qa:mixed-cluster:v5.6.8-SNAPSHOT#mixedClusterTestCluster#node2.extract
:qa:mixed-cluster:v5.6.8-SNAPSHOT#mixedClusterTestCluster#node2.configure
:qa:mixed-cluster:v5.6.8-SNAPSHOT#mixedClusterTestCluster#node2.start
:qa:mixed-cluster:v5.6.8-SNAPSHOT#mixedClusterTestCluster#node3.clean
:qa:mixed-cluster:v5.6.8-SNAPSHOT#mixedClusterTestCluster#node3.createCwd
:qa:mixed-cluster:v5.6.8-SNAPSHOT#mixedClusterTestCluster#node3.checkPrevious SKIPPED
:qa:mixed-cluster:v5.6.8-SNAPSHOT#mixedClusterTestCluster#node3.stopPrevious SKIPPED
:qa:mixed-cluster:v5.6.8-SNAPSHOT#mixedClusterTestCluster#node3.extract
:qa:mixed-cluster:v5.6.8-SNAPSHOT#mixedClusterTestCluster#node3.configure
:qa:mixed-cluster:v5.6.8-SNAPSHOT#mixedClusterTestCluster#node3.start
:qa:mixed-cluster:v5.6.8-SNAPSHOT#mixedClusterTestCluster#wait
:qa:mixed-cluster:v5.6.8-SNAPSHOT#mixedClusterTestRunner
   [junit4] <JUnit4> says cześć! Master seed: F15795365616282
==> Test Info: seed=F15795365616282; jvm=1; suite=1
Suite: org.elasticsearch.backwards.MixedClusterClientYamlTestSuiteIT
  1> [2018-02-16T12:51:39,282][INFO ][o.e.b.MixedClusterClientYamlTestSuiteIT] [test {p0=search.aggregation/180_percentiles_tdigest_metric/Metadata test}]: before test
  1> [2018-02-16T12:51:39,308][INFO ][o.e.b.MixedClusterClientYamlTestSuiteIT] initializing REST clients against [http://[::1]:62277, http://[::1]:62298, http://[::1]:62320, http://[::1]:62333]
  1> [2018-02-16T12:51:39,970][INFO ][o.e.b.MixedClusterClientYamlTestSuiteIT] initializing yaml client, minimum es version: [5.6.8] master version: [6.3.0] hosts: [http://[::1]:62277, http://[::1]:62298, http://[::1]:62320, http://[::1]:62333]
  1> [2018-02-16T12:51:40,180][INFO ][o.e.b.MixedClusterClientYamlTestSuiteIT] [test {p0=search.aggregation/180_percentiles_tdigest_metric/Metadata test}]: after test
  1> [2018-02-16T12:51:40,208][INFO ][o.e.b.MixedClusterClientYamlTestSuiteIT] [test {p0=search.aggregation/180_percentiles_tdigest_metric/Filtered test}]: before test
  1> [2018-02-16T12:51:40,261][INFO ][o.e.b.MixedClusterClientYamlTestSuiteIT] [test {p0=search.aggregation/180_percentiles_tdigest_metric/Filtered test}]: after test
  1> [2018-02-16T12:51:40,272][INFO ][o.e.b.MixedClusterClientYamlTestSuiteIT] [test {p0=search.aggregation/180_percentiles_tdigest_metric/Invalid params, new to 6.x}]: before test
  1> [2018-02-16T12:51:40,302][INFO ][o.e.b.MixedClusterClientYamlTestSuiteIT] [test {p0=search.aggregation/180_percentiles_tdigest_metric/Invalid params, new to 6.x}]: after test
  1> [2018-02-16T12:51:40,311][INFO ][o.e.b.MixedClusterClientYamlTestSuiteIT] [test {p0=search.aggregation/180_percentiles_tdigest_metric/Missing field without missing param}]: before test
  1> [2018-02-16T12:51:41,990][INFO ][o.e.b.MixedClusterClientYamlTestSuiteIT] [test {p0=search.aggregation/180_percentiles_tdigest_metric/Missing field without missing param}]: after test
  1> [2018-02-16T12:51:41,996][INFO ][o.e.b.MixedClusterClientYamlTestSuiteIT] [test {p0=search.aggregation/180_percentiles_tdigest_metric/Basic test}]: before test
  1> [2018-02-16T12:51:42,022][INFO ][o.e.b.MixedClusterClientYamlTestSuiteIT] [test {p0=search.aggregation/180_percentiles_tdigest_metric/Basic test}]: after test
  1> [2018-02-16T12:51:42,030][INFO ][o.e.b.MixedClusterClientYamlTestSuiteIT] [test {p0=search.aggregation/180_percentiles_tdigest_metric/Non-keyed test}]: before test
  1> [2018-02-16T12:51:42,062][INFO ][o.e.b.MixedClusterClientYamlTestSuiteIT] [test {p0=search.aggregation/180_percentiles_tdigest_metric/Non-keyed test}]: after test
  1> [2018-02-16T12:51:42,071][INFO ][o.e.b.MixedClusterClientYamlTestSuiteIT] [test {p0=search.aggregation/180_percentiles_tdigest_metric/Missing field with missing param}]: before test
  1> [2018-02-16T12:51:42,944][INFO ][o.e.b.MixedClusterClientYamlTestSuiteIT] [test {p0=search.aggregation/180_percentiles_tdigest_metric/Missing field with missing param}]: after test
  1> [2018-02-16T12:51:42,959][INFO ][o.e.b.MixedClusterClientYamlTestSuiteIT] [test {p0=search.aggregation/180_percentiles_tdigest_metric/Only aggs test}]: before test
  1> [2018-02-16T12:51:42,986][INFO ][o.e.b.MixedClusterClientYamlTestSuiteIT] [test {p0=search.aggregation/180_percentiles_tdigest_metric/Only aggs test}]: after test
  1> [2018-02-16T12:51:42,992][INFO ][o.e.b.MixedClusterClientYamlTestSuiteIT] [test {p0=search.aggregation/180_percentiles_tdigest_metric/Invalid params test}]: before test
  1> [2018-02-16T12:51:43,809][INFO ][o.e.b.MixedClusterClientYamlTestSuiteIT] [test {p0=search.aggregation/180_percentiles_tdigest_metric/Invalid params test}]: after test
  1> [2018-02-16T12:51:43,816][INFO ][o.e.b.MixedClusterClientYamlTestSuiteIT] [test {p0=search.aggregation/180_percentiles_tdigest_metric/Explicit Percents test}]: before test
  1> [2018-02-16T12:51:43,842][INFO ][o.e.b.MixedClusterClientYamlTestSuiteIT] [test {p0=search.aggregation/180_percentiles_tdigest_metric/Explicit Percents test}]: after test
Completed [1/1] in 4.90s, 10 tests, 7 skipped

==> Test Summary: 1 suite, 10 tests, 7 ignored (7 assumptions)
   [junit4] JVM J0:     0.64 ..     8.03 =     7.38s
   [junit4] Execution time total: 8.04 sec.
   [junit4] Tests summary: 1 suite, 10 tests, 7 ignored (7 assumptions)
:qa:mixed-cluster:v5.6.8-SNAPSHOT#mixedClusterTestCluster#node0.stop
:qa:mixed-cluster:v5.6.8-SNAPSHOT#mixedClusterTestCluster#node1.stop
:qa:mixed-cluster:v5.6.8-SNAPSHOT#mixedClusterTestCluster#node2.stop
:qa:mixed-cluster:v5.6.8-SNAPSHOT#mixedClusterTestCluster#node3.stop

Deprecated Gradle features were used in this build, making it incompatible with Gradle 5.0.
See https://docs.gradle.org/4.5/userguide/command_line_interface.html#sec:command_line_warnings

BUILD SUCCESSFUL in 1m 16s
142 actionable tasks: 51 executed, 91 up-to-date
