#
# There is insufficient memory for the Java Runtime Environment to continue.
# Native memory allocation (mmap) failed to map 671088640 bytes for G1 virtual space
# Possible reasons:
#   The system is out of physical RAM or swap space
#   The process is running with CompressedOops enabled, and the Java Heap may be blocking the growth of the native heap
# Possible solutions:
#   Reduce memory load on the system
#   Increase physical memory or swap space
#   Check if swap backing store is full
#   Decrease Java heap size (-Xmx/-Xms)
#   Decrease number of Java threads
#   Decrease Java thread stack sizes (-Xss)
#   Set larger code cache with -XX:ReservedCodeCacheSize=
#   JVM is running with Zero Based Compressed Oops mode in which the Java heap is
#     placed in the first 32GB address space. The Java Heap base address is the
#     maximum limit for the native heap growth. Please use -XX:HeapBaseMinAddress
#     to set the Java Heap base and to place the Java Heap above 32GB virtual address.
# This output file may be truncated or incomplete.
#
#  Out of Memory Error (os_windows.cpp:3600), pid=45844, tid=69484
#
# JRE version:  (21.0.5+9) (build )
# Java VM: Java HotSpot(TM) 64-Bit Server VM (21.0.5+9-LTS-jvmci-23.1-b48, mixed mode, sharing, tiered, jvmci, jvmci compiler, compressed oops, compressed class ptrs, g1 gc, windows-amd64)
# No core dump will be written. Minidumps are not enabled by default on client versions of Windows
#

---------------  S U M M A R Y ------------

Command Line: -XX:ThreadPriorityPolicy=1 -XX:+UnlockExperimentalVMOptions -XX:+EnableJVMCIProduct -XX:-UnlockExperimentalVMOptions -Dfile.encoding=windows-1251 -Duser.country -Duser.language=en -Duser.variant org.elasticsearch.test.loggerusage.ESLoggerUsageChecker D:\PROG\Java\elasticsearch\elasticsearch\x-pack\license-tools\build\classes\java\main D:\PROG\Java\elasticsearch\elasticsearch\x-pack\license-tools\build\classes\java\test

Host: 12th Gen Intel(R) Core(TM) i5-12450H, 12 cores, 39G,  Windows 11 , 64 bit Build 26100 (10.0.26100.7623)
Time: Thu Feb  5 15:14:05 2026 RTZ 2 (s 11 , 64 bit Build 26100 (10.0.26100.7623) elapsed time: 0.206447 seconds (0d 0h 0m 0s)

---------------  T H R E A D  ---------------

Current thread (0x00000288145c65b0):  JavaThread "Unknown thread" [_thread_in_vm, id=69484, stack(0x000000f3de200000,0x000000f3de300000) (1024K)]

Stack: [0x000000f3de200000,0x000000f3de300000]
Native frames: (J=compiled Java code, j=interpreted, Vv=VM code, C=native code)
V  [jvm.dll+0x6d3bd9]
V  [jvm.dll+0x85e3a1]
V  [jvm.dll+0x8608ce]
V  [jvm.dll+0x860fa3]
V  [jvm.dll+0x27e016]
V  [jvm.dll+0x6d0375]
V  [jvm.dll+0x6c4efa]
V  [jvm.dll+0x35388a]
V  [jvm.dll+0x35b4e6]
V  [jvm.dll+0x3addce]
V  [jvm.dll+0x3ae078]
V  [jvm.dll+0x327bec]
V  [jvm.dll+0x32874b]
V  [jvm.dll+0x827769]
V  [jvm.dll+0x3baab1]
V  [jvm.dll+0x810ab8]
V  [jvm.dll+0x44fc5e]
V  [jvm.dll+0x451851]
C  [jli.dll+0x52a3]
C  [ucrtbase.dll+0x37b0]
C  [KERNEL32.DLL+0x2e8d7]
C  [ntdll.dll+0x8c53c]


---------------  P R O C E S S  ---------------

Threads class SMR info:
_java_thread_list=0x00007ffec0345c08, length=0, elements={
}

Java Threads: ( => current thread )
Total: 0

Other Threads:
  0x0000028816903d70 WorkerThread "GC Thread#0"                     [id=79512, stack(0x000000f3de300000,0x000000f3de400000) (1024K)]
  0x000002881690eb60 ConcurrentGCThread "G1 Main Marker"            [id=79616, stack(0x000000f3de400000,0x000000f3de500000) (1024K)]
  0x000002881690f570 WorkerThread "G1 Conc#0"                       [id=123660, stack(0x000000f3de500000,0x000000f3de600000) (1024K)]

[error occurred during error reporting (printing all threads), id 0xc0000005, EXCEPTION_ACCESS_VIOLATION (0xc0000005) at pc=0x00007ffebfaaa377]
VM state: not at safepoint (not fully initialized)

VM Mutex/Monitor currently owned by a thread:  ([mutex/lock_event])
[0x00007ffec03b6ff8] Heap_lock - owner thread: 0x00000288145c65b0

Heap address: 0x0000000584000000, size: 10176 MB, Compressed Oops mode: Zero based, Oop shift amount: 3

CDS archive(s) mapped at: [0x0000000000000000-0x0000000000000000-0x0000000000000000), size 0, SharedBaseAddress: 0x0000000800000000, ArchiveRelocationMode: 1.
Narrow klass base: 0x0000000000000000, Narrow klass shift: 0, Narrow klass range: 0x0

GC Precious Log:
 CardTable entry size: 512
 Card Set container configuration: InlinePtr #cards 4 size 8 Array Of Cards #cards 64 size 144 Howl #buckets 8 coarsen threshold 14745 Howl Bitmap #cards 2048 size 272 coarsen threshold 1843 Card regions per heap region 1 cards per card region 16384

Heap:
 garbage-first heap   total 0K, used 0K [0x0000000584000000, 0x0000000800000000)
  region size 8192K, 0 young (0K), 0 survivors (0K)

[error occurred during error reporting (printing heap information), id 0xc0000005, EXCEPTION_ACCESS_VIOLATION (0xc0000005) at pc=0x00007ffebfe9cba9]
GC Heap History (0 events):
No events

Dll operation events (1 events):
Event: 0.016 Loaded shared library C:\Users\janedoe\.jdks\graalvm-jdk-21.0.5\bin\java.dll

Deoptimization events (0 events):
No events

Classes loaded (0 events):
No events

Classes unloaded (0 events):
No events

Classes redefined (0 events):
No events

Internal exceptions (0 events):
No events

ZGC Phase Switch (0 events):
No events

VM Operations (0 events):
No events

Events (0 events):
No events


Dynamic libraries:
0x00007ff72a940000 - 0x00007ff72a950000 	C:\Users\janedoe\.jdks\graalvm-jdk-21.0.5\bin\java.exe
0x00007fffa1d20000 - 0x00007fffa1f87000 	C:\WINDOWS\SYSTEM32\ntdll.dll
0x00007fffa0660000 - 0x00007fffa0729000 	C:\WINDOWS\System32\KERNEL32.DLL
0x00007fff9f440000 - 0x00007fff9f82f000 	C:\WINDOWS\System32\KERNELBASE.dll
0x00007fff9f840000 - 0x00007fff9f98b000 	C:\WINDOWS\System32\ucrtbase.dll
0x00007fff905b0000 - 0x00007fff905c9000 	C:\Users\janedoe\.jdks\graalvm-jdk-21.0.5\bin\jli.dll
0x00007fffa0340000 - 0x00007fffa03f4000 	C:\WINDOWS\System32\ADVAPI32.dll
0x00007fff9fad0000 - 0x00007fff9fb79000 	C:\WINDOWS\System32\msvcrt.dll
0x00007fffa05b0000 - 0x00007fffa0656000 	C:\WINDOWS\System32\sechost.dll
0x00007fffa07c0000 - 0x00007fffa08d8000 	C:\WINDOWS\System32\RPCRT4.dll
0x00007fff90590000 - 0x00007fff905ab000 	C:\Users\janedoe\.jdks\graalvm-jdk-21.0.5\bin\VCRUNTIME140.dll
0x00007fffa0d30000 - 0x00007fffa0ef5000 	C:\WINDOWS\System32\USER32.dll
0x00007fff9ee70000 - 0x00007fff9ee97000 	C:\WINDOWS\System32\win32u.dll
0x00007fffa0bc0000 - 0x00007fffa0beb000 	C:\WINDOWS\System32\GDI32.dll
0x00007fff88ec0000 - 0x00007fff89153000 	C:\WINDOWS\WinSxS\amd64_microsoft.windows.common-controls_6595b64144ccf1df_6.0.26100.7309_none_3e05feeae336a044\COMCTL32.dll
0x00007fff9f990000 - 0x00007fff9fabc000 	C:\WINDOWS\System32\gdi32full.dll
0x00007fff9eea0000 - 0x00007fff9ef43000 	C:\WINDOWS\System32\msvcp_win.dll
0x00007fff979c0000 - 0x00007fff979cb000 	C:\WINDOWS\SYSTEM32\VERSION.dll
0x00007fffa0cf0000 - 0x00007fffa0d21000 	C:\WINDOWS\System32\IMM32.DLL
0x00007fff9b880000 - 0x00007fff9b88c000 	C:\Users\janedoe\.jdks\graalvm-jdk-21.0.5\bin\vcruntime140_1.dll
0x00007fff90500000 - 0x00007fff9058e000 	C:\Users\janedoe\.jdks\graalvm-jdk-21.0.5\bin\msvcp140.dll
0x00007ffebf770000 - 0x00007ffec0493000 	C:\Users\janedoe\.jdks\graalvm-jdk-21.0.5\bin\server\jvm.dll
0x00007fffa0110000 - 0x00007fffa0184000 	C:\WINDOWS\System32\WS2_32.dll
0x00007fff8f730000 - 0x00007fff8f765000 	C:\WINDOWS\SYSTEM32\WINMM.dll
0x00007fff9e860000 - 0x00007fff9e8be000 	C:\WINDOWS\SYSTEM32\POWRPROF.dll
0x00007fff9e740000 - 0x00007fff9e754000 	C:\WINDOWS\SYSTEM32\UMPDC.dll
0x00007fff9db40000 - 0x00007fff9db5b000 	C:\WINDOWS\SYSTEM32\kernel.appcore.dll
0x00007fff96310000 - 0x00007fff9631a000 	C:\Users\janedoe\.jdks\graalvm-jdk-21.0.5\bin\jimage.dll
0x00007fff9c560000 - 0x00007fff9c7a2000 	C:\WINDOWS\SYSTEM32\DBGHELP.DLL
0x00007fff9fb80000 - 0x00007fff9ff06000 	C:\WINDOWS\System32\combase.dll
0x00007fff9ff90000 - 0x00007fffa0066000 	C:\WINDOWS\System32\OLEAUT32.dll
0x00007fff82350000 - 0x00007fff8238c000 	C:\WINDOWS\SYSTEM32\dbgcore.DLL
0x00007fff9f300000 - 0x00007fff9f3a5000 	C:\WINDOWS\System32\bcryptPrimitives.dll
0x00007fff904d0000 - 0x00007fff904ef000 	C:\Users\janedoe\.jdks\graalvm-jdk-21.0.5\bin\java.dll

dbghelp: loaded successfully - version: 4.0.5 - missing functions: none
symbol engine: initialized successfully - sym options: 0x614 - pdb path: .;C:\Users\janedoe\.jdks\graalvm-jdk-21.0.5\bin;C:\WINDOWS\SYSTEM32;C:\WINDOWS\WinSxS\amd64_microsoft.windows.common-controls_6595b64144ccf1df_6.0.26100.7309_none_3e05feeae336a044;C:\Users\janedoe\.jdks\graalvm-jdk-21.0.5\bin\server

VM Arguments:
jvm_args: -XX:ThreadPriorityPolicy=1 -XX:+UnlockExperimentalVMOptions -XX:+EnableJVMCIProduct -XX:-UnlockExperimentalVMOptions -Dfile.encoding=windows-1251 -Duser.country -Duser.language=en -Duser.variant 
java_command: org.elasticsearch.test.loggerusage.ESLoggerUsageChecker D:\PROG\Java\elasticsearch\elasticsearch\x-pack\license-tools\build\classes\java\main D:\PROG\Java\elasticsearch\elasticsearch\x-pack\license-tools\build\classes\java\test
java_class_path (initial): D:\PROG\Java\elasticsearch\elasticsearch\test\logger-usage\build\distributions\logger-usage-9.4.0-SNAPSHOT.jar;C:\Users\janedoe\.gradle\caches\modules-2\files-2.1\org.ow2.asm\asm\9.9\c29635c8a7afa03d74b33c1884df8abb2b3f3dcc\asm-9.9.jar;C:\Users\janedoe\.gradle\caches\modules-2\files-2.1\org.ow2.asm\asm-tree\9.9\f8de6eead6d24dd0f45bd065bbe112b2cda6ea21\asm-tree-9.9.jar;C:\Users\janedoe\.gradle\caches\modules-2\files-2.1\org.ow2.asm\asm-analysis\9.9\bf4fa6e66638851c1cd22c2caea0c3ee5d5f437\asm-analysis-9.9.jar;C:\Users\janedoe\.gradle\caches\modules-2\files-2.1\org.apache.logging.log4j\log4j-api\2.19.0\ea1b37f38c327596b216542bc636cfdc0b8036fa\log4j-api-2.19.0.jar
Launcher Type: SUN_STANDARD

[Global flags]
     intx CICompilerCount                          = 4                                         {product} {ergonomic}
     uint ConcGCThreads                            = 3                                         {product} {ergonomic}
     bool EnableJVMCIProduct                       = true                                {JVMCI product} {jimage}
     uint G1ConcRefinementThreads                  = 10                                        {product} {ergonomic}
   size_t G1HeapRegionSize                         = 8388608                                   {product} {ergonomic}
    uintx GCDrainStackTargetSize                   = 64                                        {product} {ergonomic}
   size_t InitialHeapSize                          = 671088640                                 {product} {ergonomic}
   size_t MarkStackSize                            = 4194304                                   {product} {ergonomic}
   size_t MaxHeapSize                              = 10670309376                               {product} {ergonomic}
   size_t MinHeapDeltaBytes                        = 8388608                                   {product} {ergonomic}
   size_t MinHeapSize                              = 8388608                                   {product} {ergonomic}
    uintx NonNMethodCodeHeapSize                   = 6979620                                {pd product} {ergonomic}
    uintx NonProfiledCodeHeapSize                  = 122339310                              {pd product} {ergonomic}
    uintx ProfiledCodeHeapSize                     = 122339310                              {pd product} {ergonomic}
    uintx ReservedCodeCacheSize                    = 251658240                              {pd product} {ergonomic}
     bool SegmentedCodeCache                       = true                                      {product} {ergonomic}
   size_t SoftMaxHeapSize                          = 10670309376                            {manageable} {ergonomic}
      int ThreadPriorityPolicy                     = 1                                         {product} {jimage}
     bool UseCompressedOops                        = true                           {product lp64_product} {ergonomic}
     bool UseG1GC                                  = true                                      {product} {ergonomic}
     bool UseLargePagesIndividualAllocation        = false                                  {pd product} {ergonomic}

Logging:
Log output configuration:
 #0: stdout all=warning uptime,level,tags foldmultilines=false
 #1: stderr all=off uptime,level,tags foldmultilines=false

Environment Variables:
JAVA_HOME=C:\Program Files\Amazon Corretto\jdk11.0.26_4
PATH=C:\Users\janedoe\AppData\Local\ActiveState\StateTool\release\bin;C:\Program Files\Amazon Corretto\jdk11.0.26_4\bin;C:\Program Files\PlasticSCM5\server;C:\Program Files\PlasticSCM5\client;C:\Program Files\Common Files\Oracle\Java\javapath;C:\Program Files (x86)\Common Files\Oracle\Java\java8path;C:\Program Files (x86)\Common Files\Oracle\Java\javapath;C:\WINDOWS\system32;C:\WINDOWS;C:\WINDOWS\System32\Wbem;C:\WINDOWS\System32\WindowsPowerShell\v1.0\;C:\WINDOWS\System32\OpenSSH\;C:\Program Files\dotnet\;C:\Program Files\PowerShell\7\;C:\Program Files\PowerShell\7-preview\preview;C:\Program Files\Git\cmd;C:\Program Files (x86)\NetSarang\Xshell 8\;C:\Program Files (x86)\NetSarang\Xftp 8\;C:\Program Files (x86)\NVIDIA Corporation\PhysX\Common;C:\Program Files\Cloudflare\Cloudflare WARP\;C:\Program Files\AmneziaWG\;C:\Program Files\NVIDIA Corporation\NVIDIA app\NvDLISR;C:\Program Files\Docker\Docker\resources\bin;C:\Strawberry\c\bin;C:\Strawberry\perl\site\bin;C:\Strawberry\perl\bin;C:\Program Files\WiX Toolset v6.0\bin\;C:\Users\janedoe\AppData\Local\Programs\Python\Python313\Scripts\;C:\Users\janedoe\AppData\Local\Programs\Python\Python313\;C:\Program Files\MySQL\MySQL Shell 8.0\bin\;C:\Users\janedoe\AppData\Local\Programs\Python\Python310\Scripts\;C:\Users\janedoe\AppData\Local\Programs\Python\Python310\;C:\Users\janedoe\AppData\Local\Microsoft\WindowsApps;;C:\Program Files\JetBrains\IntelliJ IDEA 2023.3.1\bin;;C:\Users\janedoe\.dotnet\tools;C:\Program Files\JetBrains\IntelliJ IDEA Community Edition 2024.1.4\bin;;C:\Program Files\JetBrains\PyCharm Community Edition 2024.1.4\bin;
USERNAME=janedoe
OS=Windows_NT
PROCESSOR_IDENTIFIER=Intel64 Family 6 Model 154 Stepping 3, GenuineIntel
TMP=C:\Users\janedoe\AppData\Local\Temp
TEMP=C:\Users\janedoe\AppData\Local\Temp




Periodic native trim disabled

---------------  S Y S T E M  ---------------

OS:
 Windows 11 , 64 bit Build 26100 (10.0.26100.7623)
OS uptime: 6 days 22:23 hours
Hyper-V role detected

CPU: total 12 (initial active 12) (6 cores per cpu, 2 threads per core) family 6 model 154 stepping 3 microcode 0x41a, cx8, cmov, fxsr, ht, mmx, 3dnowpref, sse, sse2, sse3, ssse3, sse4.1, sse4.2, popcnt, lzcnt, tsc, tscinvbit, avx, avx2, aes, erms, clmul, bmi1, bmi2, adx, sha, fma, vzeroupper, clflush, clflushopt, clwb, hv, serialize, rdtscp, rdpid, fsrm, f16c, cet_ibt, cet_ss
Processor Information for processor 0
  Max Mhz: 2500, Current Mhz: 2500, Mhz Limit: 2500
Processor Information for processor 1
  Max Mhz: 2500, Current Mhz: 2500, Mhz Limit: 2500
Processor Information for processor 2
  Max Mhz: 2500, Current Mhz: 2500, Mhz Limit: 2500
Processor Information for processor 3
  Max Mhz: 2500, Current Mhz: 2500, Mhz Limit: 2500
Processor Information for processor 4
  Max Mhz: 2500, Current Mhz: 2500, Mhz Limit: 2500
Processor Information for processor 5
  Max Mhz: 2500, Current Mhz: 2500, Mhz Limit: 2500
Processor Information for processor 6
  Max Mhz: 2500, Current Mhz: 2500, Mhz Limit: 2500
Processor Information for processor 7
  Max Mhz: 2500, Current Mhz: 2500, Mhz Limit: 2500
Processor Information for processor 8
  Max Mhz: 2500, Current Mhz: 1875, Mhz Limit: 1875
Processor Information for processor 9
  Max Mhz: 2500, Current Mhz: 1875, Mhz Limit: 1875
Processor Information for processor 10
  Max Mhz: 2500, Current Mhz: 1500, Mhz Limit: 1875
Processor Information for processor 11
  Max Mhz: 2500, Current Mhz: 1875, Mhz Limit: 1875

Memory: 4k page, system-wide physical 40701M (12642M free)
TotalPageFile size 48168M (AvailPageFile size 412M)
current process WorkingSet (physical memory assigned to process): 13M, peak: 13M
current process commit charge ("private bytes"): 64M, peak: 704M

vm_info: Java HotSpot(TM) 64-Bit Server VM (21.0.5+9-LTS-jvmci-23.1-b48) for windows-amd64 JRE (21.0.5+9-LTS-jvmci-23.1-b48), built on 2024-10-01T10:26:49Z by "OCIWIN28Buildbot" with MS VC++ 17.6 (VS2022)

END.
