#
# There is insufficient memory for the Java Runtime Environment to continue.
# Native memory allocation (mmap) failed to map 67108864 bytes for G1 virtual space
# Possible reasons:
#   The system is out of physical RAM or swap space
#   The process is running with CompressedOops enabled, and the Java Heap may be blocking the growth of the native heap
# Possible solutions:
#   Reduce memory load on the system
#   Increase physical memory or swap space
#   Check if swap backing store is full
#   Decrease Java heap size (-Xmx/-Xms)
#   Decrease number of Java threads
#   Decrease Java thread stack sizes (-Xss)
#   Set larger code cache with -XX:ReservedCodeCacheSize=
#   JVM is running with Zero Based Compressed Oops mode in which the Java heap is
#     placed in the first 32GB address space. The Java Heap base address is the
#     maximum limit for the native heap growth. Please use -XX:HeapBaseMinAddress
#     to set the Java Heap base and to place the Java Heap above 32GB virtual address.
# This output file may be truncated or incomplete.
#
#  Out of Memory Error (os_windows.cpp:3600), pid=104564, tid=127084
#
# JRE version: Java(TM) SE Runtime Environment Oracle GraalVM 21.0.5+9.1 (21.0.5+9) (build 21.0.5+9-LTS-jvmci-23.1-b48)
# Java VM: Java HotSpot(TM) 64-Bit Server VM Oracle GraalVM 21.0.5+9.1 (21.0.5+9-LTS-jvmci-23.1-b48, mixed mode, sharing, tiered, jvmci, jvmci compiler, compressed oops, compressed class ptrs, g1 gc, windows-amd64)
# No core dump will be written. Minidumps are not enabled by default on client versions of Windows
#

---------------  S U M M A R Y ------------

Command Line: -XX:ThreadPriorityPolicy=1 -XX:+UnlockExperimentalVMOptions -XX:+EnableJVMCIProduct -XX:-UnlockExperimentalVMOptions -Dapplication.home=C:\Users\janedoe\.jdks\graalvm-jdk-21.0.5 --add-modules=ALL-DEFAULT -Xms8m -Djdk.module.main=jdk.javadoc jdk.javadoc/jdk.javadoc.internal.tool.Main @D:\PROG\Java\elasticsearch\elasticsearch\libs\core\build\tmp\javadoc\javadoc.options

Host: 12th Gen Intel(R) Core(TM) i5-12450H, 12 cores, 39G,  Windows 11 , 64 bit Build 26100 (10.0.26100.7623)
Time: Thu Feb  5 15:15:27 2026 RTZ 2 (s 11 , 64 bit Build 26100 (10.0.26100.7623) elapsed time: 4.203221 seconds (0d 0h 0m 4s)

---------------  T H R E A D  ---------------

Current thread (0x0000015ed66e3760):  VMThread "VM Thread"          [id=127084, stack(0x00000012d4600000,0x00000012d4700000) (1024K)]

Stack: [0x00000012d4600000,0x00000012d4700000]
Native frames: (J=compiled Java code, j=interpreted, Vv=VM code, C=native code)
V  [jvm.dll+0x6d3bd9]
V  [jvm.dll+0x85e3a1]
V  [jvm.dll+0x8608ce]
V  [jvm.dll+0x860fa3]
V  [jvm.dll+0x27e016]
V  [jvm.dll+0x6d0375]
V  [jvm.dll+0x6c4efa]
V  [jvm.dll+0x35388a]
V  [jvm.dll+0x35b4e6]
V  [jvm.dll+0x3addce]
V  [jvm.dll+0x3ae078]
V  [jvm.dll+0x327bec]
V  [jvm.dll+0x327c77]
V  [jvm.dll+0x36c55c]
V  [jvm.dll+0x36adae]
V  [jvm.dll+0x3273b1]
V  [jvm.dll+0x36a4ca]
V  [jvm.dll+0x866d70]
V  [jvm.dll+0x8680f4]
V  [jvm.dll+0x868630]
V  [jvm.dll+0x8688d3]
V  [jvm.dll+0x8087eb]
V  [jvm.dll+0x6d22bd]
C  [ucrtbase.dll+0x37b0]
C  [KERNEL32.DLL+0x2e8d7]
C  [ntdll.dll+0x8c53c]

VM_Operation (0x00000012d3ffd870): G1CollectForAllocation, mode: safepoint, requested by thread 0x0000015eae369940


---------------  P R O C E S S  ---------------

Threads class SMR info:
_java_thread_list=0x0000015ed6bfa0b0, length=13, elements={
0x0000015eae369940, 0x0000015ed6700ab0, 0x0000015ed6704430, 0x0000015ed6707cb0,
0x0000015ed6709710, 0x0000015ed670a160, 0x0000015ed670abb0, 0x0000015ed670ba00,
0x0000015ed670df80, 0x0000015ed6781640, 0x0000015ed6783cf0, 0x0000015ed6b77b60,
0x0000015ed6bfc6a0
}

Java Threads: ( => current thread )
  0x0000015eae369940 JavaThread "main"                              [_thread_blocked, id=129260, stack(0x00000012d3f00000,0x00000012d4000000) (1024K)]
  0x0000015ed6700ab0 JavaThread "Reference Handler"          daemon [_thread_blocked, id=88036, stack(0x00000012d4700000,0x00000012d4800000) (1024K)]
  0x0000015ed6704430 JavaThread "Finalizer"                  daemon [_thread_blocked, id=7904, stack(0x00000012d4800000,0x00000012d4900000) (1024K)]
  0x0000015ed6707cb0 JavaThread "Signal Dispatcher"          daemon [_thread_blocked, id=166056, stack(0x00000012d4900000,0x00000012d4a00000) (1024K)]
  0x0000015ed6709710 JavaThread "Attach Listener"            daemon [_thread_blocked, id=138956, stack(0x00000012d4a00000,0x00000012d4b00000) (1024K)]
  0x0000015ed670a160 JavaThread "Service Thread"             daemon [_thread_blocked, id=67840, stack(0x00000012d4b00000,0x00000012d4c00000) (1024K)]
  0x0000015ed670abb0 JavaThread "Monitor Deflation Thread"   daemon [_thread_blocked, id=51884, stack(0x00000012d4c00000,0x00000012d4d00000) (1024K)]
  0x0000015ed670ba00 JavaThread "JVMCI-native CompilerThread0" daemon [_thread_blocked, id=107284, stack(0x00000012d4d00000,0x00000012d4e00000) (1024K)]
  0x0000015ed670df80 JavaThread "C1 CompilerThread0"         daemon [_thread_blocked, id=173172, stack(0x00000012d4e00000,0x00000012d4f00000) (1024K)]
  0x0000015ed6781640 JavaThread "C1 CompilerThread1"         daemon [_thread_blocked, id=100236, stack(0x00000012d4f00000,0x00000012d5000000) (1024K)]
  0x0000015ed6783cf0 JavaThread "C1 CompilerThread2"         daemon [_thread_blocked, id=86604, stack(0x00000012d5000000,0x00000012d5100000) (1024K)]
  0x0000015ed6b77b60 JavaThread "Common-Cleaner"             daemon [_thread_blocked, id=144704, stack(0x00000012d5100000,0x00000012d5200000) (1024K)]
  0x0000015ed6bfc6a0 JavaThread "Notification Thread"        daemon [_thread_blocked, id=123184, stack(0x00000012d5200000,0x00000012d5300000) (1024K)]
Total: 13

Other Threads:
=>0x0000015ed66e3760 VMThread "VM Thread"                           [id=127084, stack(0x00000012d4600000,0x00000012d4700000) (1024K)]
  0x0000015ed66cd550 WatcherThread "VM Periodic Task Thread"        [id=117924, stack(0x00000012d4500000,0x00000012d4600000) (1024K)]
  0x0000015eae3ffe80 WorkerThread "GC Thread#0"                     [id=52744, stack(0x00000012d4000000,0x00000012d4100000) (1024K)]
  0x0000015e8029a0a0 WorkerThread "GC Thread#1"                     [id=120024, stack(0x00000012d5300000,0x00000012d5400000) (1024K)]
  0x0000015e802a9240 WorkerThread "GC Thread#2"                     [id=59808, stack(0x00000012d5400000,0x00000012d5500000) (1024K)]
  0x0000015e802aae70 WorkerThread "GC Thread#3"                     [id=51412, stack(0x00000012d5500000,0x00000012d5600000) (1024K)]
  0x0000015e802b3220 WorkerThread "GC Thread#4"                     [id=56876, stack(0x00000012d5600000,0x00000012d5700000) (1024K)]
  0x0000015e802bb5d0 WorkerThread "GC Thread#5"                     [id=119612, stack(0x00000012d5700000,0x00000012d5800000) (1024K)]
  0x0000015e802bb970 WorkerThread "GC Thread#6"                     [id=11464, stack(0x00000012d5800000,0x00000012d5900000) (1024K)]
  0x0000015e802bbd10 WorkerThread "GC Thread#7"                     [id=121020, stack(0x00000012d5900000,0x00000012d5a00000) (1024K)]
  0x0000015e802bc0b0 WorkerThread "GC Thread#8"                     [id=102760, stack(0x00000012d5a00000,0x00000012d5b00000) (1024K)]
  0x0000015e802c0460 WorkerThread "GC Thread#9"                     [id=74080, stack(0x00000012d5b00000,0x00000012d5c00000) (1024K)]
  0x0000015eae40ad60 ConcurrentGCThread "G1 Main Marker"            [id=166184, stack(0x00000012d4100000,0x00000012d4200000) (1024K)]
  0x0000015eae40b860 WorkerThread "G1 Conc#0"                       [id=61756, stack(0x00000012d4200000,0x00000012d4300000) (1024K)]
  0x0000015eae42eaf0 ConcurrentGCThread "G1 Refine#0"               [id=68580, stack(0x00000012d4300000,0x00000012d4400000) (1024K)]
  0x0000015ed659dec0 ConcurrentGCThread "G1 Service"                [id=95028, stack(0x00000012d4400000,0x00000012d4500000) (1024K)]
Total: 16

Threads with active compile tasks:
JVMCI-native CompilerThread0     4220 2323       4       java.util.LinkedHashMap::get (29 bytes)
Total: 1

VM state: at safepoint (normal execution)

VM Mutex/Monitor currently owned by a thread:  ([mutex/lock_event])
[0x00007ffec03b6ef8] Threads_lock - owner thread: 0x0000015ed66e3760
[0x00007ffec03b6ff8] Heap_lock - owner thread: 0x0000015eae369940

Heap address: 0x0000000584000000, size: 10176 MB, Compressed Oops mode: Zero based, Oop shift amount: 3

CDS archive(s) mapped at: [0x0000015ed7000000-0x0000015ed7c90000-0x0000015ed7c90000), size 13172736, SharedBaseAddress: 0x0000015ed7000000, ArchiveRelocationMode: 1.
Compressed class space mapped at: 0x0000015ed8000000-0x0000015f18000000, reserved size: 1073741824
Narrow klass base: 0x0000015ed7000000, Narrow klass shift: 0, Narrow klass range: 0x100000000

GC Precious Log:
 CardTable entry size: 512
 Card Set container configuration: InlinePtr #cards 4 size 8 Array Of Cards #cards 64 size 144 Howl #buckets 8 coarsen threshold 14745 Howl Bitmap #cards 2048 size 272 coarsen threshold 1843 Card regions per heap region 1 cards per card region 16384
 CPUs: 12 total, 12 available
 Memory: 40701M
 Large Page Support: Disabled
 NUMA Support: Disabled
 Compressed Oops: Enabled (Zero based)
 Heap Region Size: 8M
 Heap Min Capacity: 8M
 Heap Initial Capacity: 8M
 Heap Max Capacity: 10176M
 Pre-touch: Disabled
 Parallel Workers: 10
 Concurrent Workers: 3
 Concurrent Refinement Workers: 10
 Periodic GC: Disabled

Heap:
 garbage-first heap   total 32768K, used 10946K [0x0000000584000000, 0x0000000800000000)
  region size 8192K, 1 young (8192K), 1 survivors (8192K)
 Metaspace       used 11791K, committed 12032K, reserved 1114112K
  class space    used 1202K, committed 1344K, reserved 1048576K

Heap Regions: E=young(eden), S=young(survivor), O=old, HS=humongous(starts), HC=humongous(continues), CS=collection set, F=free, TAMS=top-at-mark-start, PB=parsable bottom
|   0|0x0000000584000000, 0x00000005844ddaf8, 0x0000000584800000| 60%| O|  |TAMS 0x0000000584000000| PB 0x0000000584000000| Untracked 
|   1|0x0000000584800000, 0x0000000584dd2fe0, 0x0000000585000000| 72%| S|CS|TAMS 0x0000000584800000| PB 0x0000000584800000| Complete 
|   2|0x0000000585000000, 0x0000000585000000, 0x0000000585800000|  0%| F|  |TAMS 0x0000000585000000| PB 0x0000000585000000| Untracked 
|   3|0x0000000585800000, 0x0000000585800000, 0x0000000586000000|  0%| F|  |TAMS 0x0000000585800000| PB 0x0000000585800000| Untracked 

Card table byte_map: [0x0000015ec8a30000,0x0000015ec9e10000] _byte_map_base: 0x0000015ec5e10000

Marking Bits: (CMBitMap*) 0x0000015eae400580
 Bits: [0x0000015ec9e10000, 0x0000015ed3d10000)

Polling page: 0x0000015eac2e0000

Metaspace:

Usage:
  Non-class:     10.34 MB used.
      Class:      1.17 MB used.
       Both:     11.52 MB used.

Virtual space:
  Non-class space:       64.00 MB reserved,      10.44 MB ( 16%) committed,  1 nodes.
      Class space:        1.00 GB reserved,       1.31 MB ( <1%) committed,  1 nodes.
             Both:        1.06 GB reserved,      11.75 MB (  1%) committed. 

Chunk freelists:
   Non-Class:  4.27 MB
       Class:  14.73 MB
        Both:  19.00 MB

MaxMetaspaceSize: unlimited
CompressedClassSpaceSize: 1.00 GB
Initial GC threshold: 21.00 MB
Current GC threshold: 21.00 MB
CDS: on
 - commit_granule_bytes: 65536.
 - commit_granule_words: 8192.
 - virtual_space_node_default_size: 8388608.
 - enlarge_chunks_in_place: 1.
 - use_allocation_guard: 0.


Internal statistics:

num_allocs_failed_limit: 0.
num_arena_births: 70.
num_arena_deaths: 0.
num_vsnodes_births: 2.
num_vsnodes_deaths: 0.
num_space_committed: 188.
num_space_uncommitted: 0.
num_chunks_returned_to_freelist: 0.
num_chunks_taken_from_freelist: 441.
num_chunk_merges: 0.
num_chunk_splits: 315.
num_chunks_enlarged: 246.
num_inconsistent_stats: 0.

CodeHeap 'non-profiled nmethods': size=119488Kb used=680Kb max_used=680Kb free=118807Kb
 bounds [0x0000015ebfc50000, 0x0000015ebfec0000, 0x0000015ec7100000]
CodeHeap 'profiled nmethods': size=119424Kb used=5595Kb max_used=5595Kb free=113828Kb
 bounds [0x0000015eb8100000, 0x0000015eb8680000, 0x0000015ebf5a0000]
CodeHeap 'non-nmethods': size=6848Kb used=2532Kb max_used=2575Kb free=4315Kb
 bounds [0x0000015ebf5a0000, 0x0000015ebf830000, 0x0000015ebfc50000]
 total_blobs=2730 nmethods=2258 adapters=377
 compilation: enabled
              stopped_count=0, restarted_count=0
 full_count=0

JVMCI Events (20 events):
Event: 3.988 Thread 0x0000015ed670ba00 compacted oop handles in JVMCI runtime 0 from 170 to 169
Event: 3.989 Thread 0x0000015ed670ba00 compacted oop handles in JVMCI runtime 0 from 172 to 171
Event: 4.009 Thread 0x0000015ed670ba00 compacted oop handles in JVMCI runtime 0 from 177 to 176
Event: 4.017 Thread 0x0000015ed670ba00 compacted oop handles in JVMCI runtime 0 from 178 to 84
Event: 4.033 Thread 0x0000015ed670ba00 compacted oop handles in JVMCI runtime 0 from 114 to 97
Event: 4.054 Thread 0x0000015ed670ba00 compacted oop handles in JVMCI runtime 0 from 124 to 123
Event: 4.061 Thread 0x0000015ed670ba00 compacted oop handles in JVMCI runtime 0 from 138 to 135
Event: 4.090 Thread 0x0000015ed670ba00 compacted oop handles in JVMCI runtime 0 from 181 to 164
Event: 4.108 Thread 0x0000015ed670ba00 compacted oop handles in JVMCI runtime 0 from 174 to 97
Event: 4.128 Thread 0x0000015ed670ba00 compacted oop handles in JVMCI runtime 0 from 128 to 120
Event: 4.133 Thread 0x0000015ed670ba00 compacted oop handles in JVMCI runtime 0 from 130 to 127
Event: 4.142 Thread 0x0000015ed670ba00 compacted oop handles in JVMCI runtime 0 from 130 to 127
Event: 4.144 Thread 0x0000015ed670ba00 compacted oop handles in JVMCI runtime 0 from 133 to 132
Event: 4.146 Thread 0x0000015ed670ba00 compacted oop handles in JVMCI runtime 0 from 134 to 133
Event: 4.154 Thread 0x0000015ed670ba00 compacted oop handles in JVMCI runtime 0 from 193 to 181
Event: 4.163 Thread 0x0000015ed670ba00 compacted oop handles in JVMCI runtime 0 from 184 to 183
Event: 4.166 Thread 0x0000015ed670ba00 compacted oop handles in JVMCI runtime 0 from 189 to 188
Event: 4.168 Thread 0x0000015ed670ba00 compacted oop handles in JVMCI runtime 0 from 191 to 190
Event: 4.189 Thread 0x0000015ed670ba00 compacted oop handles in JVMCI runtime 0 from 222 to 213
Event: 4.189 Thread 0x0000015ed670ba00 compacted oop handles in JVMCI runtime 0 from 214 to 115

Compilation events (20 events):
Event: 4.186 Thread 0x0000015ed6783cf0 2339       3       com.sun.tools.javac.code.Type$MethodType::isErroneous (33 bytes)
Event: 4.186 Thread 0x0000015ed670df80 2340       3       com.sun.tools.javac.tree.JCTree$JCMethodDecl::getKind (4 bytes)
Event: 4.186 Thread 0x0000015ed670df80 nmethod 2340 0x0000015eb8668390 code [0x0000015eb8668520, 0x0000015eb8668638]
Event: 4.186 Thread 0x0000015ed670df80 2337       3       com.sun.tools.javac.comp.MemberEnter::methodEnv (132 bytes)
Event: 4.187 Thread 0x0000015ed6781640 nmethod 2346 0x0000015eb8668710 code [0x0000015eb8668aa0, 0x0000015eb866b630]
Event: 4.187 Thread 0x0000015ed6783cf0 nmethod 2339 0x0000015eb866bf10 code [0x0000015eb866c100, 0x0000015eb866cd20]
Event: 4.187 Thread 0x0000015ed6783cf0 2348       3       com.sun.tools.javac.tree.TreeMaker::QualIdent (30 bytes)
Event: 4.187 Thread 0x0000015ed6781640 2349       3       com.sun.tools.javac.tree.TreeMaker::isUnqualifiable (289 bytes)
Event: 4.187 Thread 0x0000015ed670df80 nmethod 2337 0x0000015eb866cf10 code [0x0000015eb866d1a0, 0x0000015eb866e8e8]
Event: 4.187 Thread 0x0000015ed6783cf0 nmethod 2348 0x0000015eb866ed90 code [0x0000015eb866efc0, 0x0000015eb866f468]
Event: 4.188 Thread 0x0000015ed6783cf0 2350       3       com.sun.tools.javac.comp.Resolve::checkRestrictedType (124 bytes)
Event: 4.188 Thread 0x0000015ed670df80 2351       3       com.sun.tools.javac.comp.Resolve::checkNonExistentType (38 bytes)
Event: 4.188 Thread 0x0000015ed670df80 nmethod 2351 0x0000015eb866f610 code [0x0000015eb866f7e0, 0x0000015eb8670080]
Event: 4.188 Thread 0x0000015ed670df80 2352       3       com.sun.tools.javac.comp.Resolve::accessBase (22 bytes)
Event: 4.188 Thread 0x0000015ed6783cf0 nmethod 2350 0x0000015eb8670190 code [0x0000015eb86703c0, 0x0000015eb8670be0]
Event: 4.188 Thread 0x0000015ed6781640 nmethod 2349 0x0000015eb8670f10 code [0x0000015eb8671320, 0x0000015eb8674aa8]
Event: 4.188 Thread 0x0000015ed6783cf0 2353       3       com.sun.tools.javac.comp.Resolve::accessInternal (97 bytes)
Event: 4.188 Thread 0x0000015ed670df80 nmethod 2352 0x0000015eb8675290 code [0x0000015eb8675440, 0x0000015eb8675620]
Event: 4.189 Thread 0x0000015ed6783cf0 nmethod 2353 0x0000015eb8675710 code [0x0000015eb8675940, 0x0000015eb86768c0]
Event: 4.189 Thread 0x0000015ed670ba00 2323       4       java.util.LinkedHashMap::get (29 bytes)

GC Heap History (15 events):
Event: 2.490 GC heap before
{Heap before GC invocations=0 (full 0):
 garbage-first heap   total 8192K, used 8192K [0x0000000584000000, 0x0000000800000000)
  region size 8192K, 1 young (8192K), 0 survivors (0K)
 Metaspace       used 9044K, committed 9216K, reserved 1114112K
  class space    used 1000K, committed 1088K, reserved 1048576K
}
Event: 2.503 GC heap after
{Heap after GC invocations=1 (full 0):
 garbage-first heap   total 16384K, used 3552K [0x0000000584000000, 0x0000000800000000)
  region size 8192K, 1 young (8192K), 1 survivors (8192K)
 Metaspace       used 9044K, committed 9216K, reserved 1114112K
  class space    used 1000K, committed 1088K, reserved 1048576K
}
Event: 2.503 GC heap before
{Heap before GC invocations=1 (full 0):
 garbage-first heap   total 24576K, used 3552K [0x0000000584000000, 0x0000000800000000)
  region size 8192K, 1 young (8192K), 1 survivors (8192K)
 Metaspace       used 9044K, committed 9216K, reserved 1114112K
  class space    used 1000K, committed 1088K, reserved 1048576K
}
Event: 2.519 GC heap after
{Heap after GC invocations=2 (full 1):
 garbage-first heap   total 24576K, used 3322K [0x0000000584000000, 0x0000000800000000)
  region size 8192K, 0 young (0K), 0 survivors (0K)
 Metaspace       used 9044K, committed 9216K, reserved 1114112K
  class space    used 1000K, committed 1088K, reserved 1048576K
}
Event: 3.157 GC heap before
{Heap before GC invocations=2 (full 1):
 garbage-first heap   total 24576K, used 11514K [0x0000000584000000, 0x0000000800000000)
  region size 8192K, 1 young (8192K), 0 survivors (0K)
 Metaspace       used 10609K, committed 10816K, reserved 1114112K
  class space    used 1128K, committed 1216K, reserved 1048576K
}
Event: 3.161 GC heap after
{Heap after GC invocations=3 (full 1):
 garbage-first heap   total 24576K, used 5244K [0x0000000584000000, 0x0000000800000000)
  region size 8192K, 1 young (8192K), 1 survivors (8192K)
 Metaspace       used 10609K, committed 10816K, reserved 1114112K
  class space    used 1128K, committed 1216K, reserved 1048576K
}
Event: 3.162 GC heap before
{Heap before GC invocations=3 (full 1):
 garbage-first heap   total 32768K, used 5244K [0x0000000584000000, 0x0000000800000000)
  region size 8192K, 1 young (8192K), 1 survivors (8192K)
 Metaspace       used 10609K, committed 10816K, reserved 1114112K
  class space    used 1128K, committed 1216K, reserved 1048576K
}
Event: 3.188 GC heap after
{Heap after GC invocations=4 (full 2):
 garbage-first heap   total 32768K, used 4982K [0x0000000584000000, 0x0000000800000000)
  region size 8192K, 0 young (0K), 0 survivors (0K)
 Metaspace       used 10609K, committed 10816K, reserved 1114112K
  class space    used 1128K, committed 1216K, reserved 1048576K
}
Event: 3.399 GC heap before
{Heap before GC invocations=4 (full 2):
 garbage-first heap   total 32768K, used 13174K [0x0000000584000000, 0x0000000800000000)
  region size 8192K, 1 young (8192K), 0 survivors (0K)
 Metaspace       used 11066K, committed 11264K, reserved 1114112K
  class space    used 1175K, committed 1280K, reserved 1048576K
}
Event: 3.403 GC heap after
{Heap after GC invocations=5 (full 2):
 garbage-first heap   total 32768K, used 6402K [0x0000000584000000, 0x0000000800000000)
  region size 8192K, 1 young (8192K), 1 survivors (8192K)
 Metaspace       used 11066K, committed 11264K, reserved 1114112K
  class space    used 1175K, committed 1280K, reserved 1048576K
}
Event: 3.834 GC heap before
{Heap before GC invocations=5 (full 2):
 garbage-first heap   total 32768K, used 14594K [0x0000000584000000, 0x0000000800000000)
  region size 8192K, 2 young (16384K), 1 survivors (8192K)
 Metaspace       used 11247K, committed 11456K, reserved 1114112K
  class space    used 1191K, committed 1280K, reserved 1048576K
}
Event: 3.838 GC heap after
{Heap after GC invocations=6 (full 2):
 garbage-first heap   total 32768K, used 7214K [0x0000000584000000, 0x0000000800000000)
  region size 8192K, 1 young (8192K), 1 survivors (8192K)
 Metaspace       used 11247K, committed 11456K, reserved 1114112K
  class space    used 1191K, committed 1280K, reserved 1048576K
}
Event: 3.967 GC heap before
{Heap before GC invocations=6 (full 2):
 garbage-first heap   total 32768K, used 15406K [0x0000000584000000, 0x0000000800000000)
  region size 8192K, 2 young (16384K), 1 survivors (8192K)
 Metaspace       used 11420K, committed 11584K, reserved 1114112K
  class space    used 1193K, committed 1280K, reserved 1048576K
}
Event: 3.974 GC heap after
{Heap after GC invocations=7 (full 2):
 garbage-first heap   total 32768K, used 9254K [0x0000000584000000, 0x0000000800000000)
  region size 8192K, 1 young (8192K), 1 survivors (8192K)
 Metaspace       used 11420K, committed 11584K, reserved 1114112K
  class space    used 1193K, committed 1280K, reserved 1048576K
}
Event: 4.193 GC heap before
{Heap before GC invocations=7 (full 2):
 garbage-first heap   total 32768K, used 17446K [0x0000000584000000, 0x0000000800000000)
  region size 8192K, 2 young (16384K), 1 survivors (8192K)
 Metaspace       used 11791K, committed 12032K, reserved 1114112K
  class space    used 1202K, committed 1344K, reserved 1048576K
}

Dll operation events (7 events):
Event: 0.017 Loaded shared library C:\Users\janedoe\.jdks\graalvm-jdk-21.0.5\bin\java.dll
Event: 0.163 Loaded shared library C:\Users\janedoe\.jdks\graalvm-jdk-21.0.5\bin\jsvml.dll
Event: 0.614 Loaded shared library C:\Users\janedoe\.jdks\graalvm-jdk-21.0.5\bin\jimage.dll
Event: 0.639 Loaded shared library C:\Users\janedoe\.jdks\graalvm-jdk-21.0.5\bin\jvmcicompiler.dll
Event: 0.664 Loaded shared library C:\Users\janedoe\.jdks\graalvm-jdk-21.0.5\bin\zip.dll
Event: 1.054 Loaded shared library C:\Users\janedoe\.jdks\graalvm-jdk-21.0.5\bin\net.dll
Event: 1.056 Loaded shared library C:\Users\janedoe\.jdks\graalvm-jdk-21.0.5\bin\nio.dll

Deoptimization events (20 events):
Event: 3.495 Thread 0x0000015eae369940 DEOPT PACKING pc=0x0000015eb84aae17 sp=0x00000012d3ffe4d0
Event: 3.495 Thread 0x0000015eae369940 DEOPT UNPACKING pc=0x0000015ebf5f4c43 sp=0x00000012d3ffd990 mode 0
Event: 3.600 Thread 0x0000015eae369940 DEOPT PACKING pc=0x0000015eb84d1b98 sp=0x00000012d3ffd290
Event: 3.600 Thread 0x0000015eae369940 DEOPT UNPACKING pc=0x0000015ebf5f4c43 sp=0x00000012d3ffc7e0 mode 0
Event: 3.834 Thread 0x0000015eae369940 DEOPT PACKING pc=0x0000015eb849c8d7 sp=0x00000012d3ffde10
Event: 3.834 Thread 0x0000015eae369940 DEOPT UNPACKING pc=0x0000015ebf5f4c43 sp=0x00000012d3ffd260 mode 0
Event: 3.856 Thread 0x0000015eae369940 DEOPT PACKING pc=0x0000015eb849c8d7 sp=0x00000012d3ffdf20
Event: 3.856 Thread 0x0000015eae369940 DEOPT UNPACKING pc=0x0000015ebf5f4c43 sp=0x00000012d3ffd370 mode 0
Event: 3.857 Thread 0x0000015eae369940 DEOPT PACKING pc=0x0000015eb849c8d7 sp=0x00000012d3ffddf0
Event: 3.857 Thread 0x0000015eae369940 DEOPT UNPACKING pc=0x0000015ebf5f4c43 sp=0x00000012d3ffd240 mode 0
Event: 3.868 Thread 0x0000015eae369940 DEOPT PACKING pc=0x0000015eb849c8d7 sp=0x00000012d3ffdf20
Event: 3.868 Thread 0x0000015eae369940 DEOPT UNPACKING pc=0x0000015ebf5f4c43 sp=0x00000012d3ffd370 mode 0
Event: 3.868 Thread 0x0000015eae369940 DEOPT PACKING pc=0x0000015eb849c8d7 sp=0x00000012d3ffdf20
Event: 3.868 Thread 0x0000015eae369940 DEOPT UNPACKING pc=0x0000015ebf5f4c43 sp=0x00000012d3ffd370 mode 0
Event: 3.877 Thread 0x0000015eae369940 DEOPT PACKING pc=0x0000015eb849c8d7 sp=0x00000012d3ffde30
Event: 3.877 Thread 0x0000015eae369940 DEOPT UNPACKING pc=0x0000015ebf5f4c43 sp=0x00000012d3ffd280 mode 0
Event: 3.888 Thread 0x0000015eae369940 DEOPT PACKING pc=0x0000015eb849c8d7 sp=0x00000012d3ffde30
Event: 3.888 Thread 0x0000015eae369940 DEOPT UNPACKING pc=0x0000015ebf5f4c43 sp=0x00000012d3ffd280 mode 0
Event: 3.888 Thread 0x0000015eae369940 DEOPT PACKING pc=0x0000015eb849c8d7 sp=0x00000012d3ffdf60
Event: 3.888 Thread 0x0000015eae369940 DEOPT UNPACKING pc=0x0000015ebf5f4c43 sp=0x00000012d3ffd3b0 mode 0

Classes loaded (20 events):
Event: 3.198 Loading class java/util/stream/MatchOps$MatchKind
Event: 3.198 Loading class java/util/stream/MatchOps$MatchKind done
Event: 3.199 Loading class java/util/stream/MatchOps
Event: 3.199 Loading class java/util/stream/MatchOps done
Event: 3.199 Loading class java/util/stream/MatchOps$MatchOp
Event: 3.199 Loading class java/util/stream/MatchOps$MatchOp done
Event: 3.199 Loading class java/util/stream/MatchOps$BooleanTerminalSink
Event: 3.200 Loading class java/util/stream/MatchOps$BooleanTerminalSink done
Event: 3.200 Loading class java/util/stream/MatchOps$1MatchSink
Event: 3.201 Loading class java/util/stream/MatchOps$1MatchSink done
Event: 3.274 Loading class java/nio/file/Files$2
Event: 3.274 Loading class java/nio/file/Files$2 done
Event: 3.274 Loading class java/util/ImmutableCollections$Access
Event: 3.275 Loading class java/util/ImmutableCollections$Access done
Event: 3.275 Loading class java/util/ImmutableCollections$Access$1
Event: 3.275 Loading class jdk/internal/access/JavaUtilCollectionAccess
Event: 3.275 Loading class jdk/internal/access/JavaUtilCollectionAccess done
Event: 3.275 Loading class java/util/ImmutableCollections$Access$1 done
Event: 3.275 Loading class java/util/stream/Nodes$SpinedNodeBuilder
Event: 3.276 Loading class java/util/stream/Nodes$SpinedNodeBuilder done

Classes unloaded (0 events):
No events

Classes redefined (0 events):
No events

Internal exceptions (20 events):
Event: 2.330 Thread 0x0000015eae369940 Exception <a 'java/lang/NoSuchMethodError'{0x0000000584764bc8}: 'java.lang.Object java.lang.invoke.DirectMethodHandle$Holder.newInvokeSpecial(java.lang.Object, java.lang.Object, java.lang.Object, java.lang.Object, java.lang.Object, java.lang.Object)'> (0x0000000584764bc8) 
thrown [s\open\src\hotspot\share\interpreter\linkResolver.cpp, line 773]
Event: 2.382 Thread 0x0000015eae369940 Exception <a 'sun/nio/fs/WindowsException'{0x00000005847abf30}> (0x00000005847abf30) 
thrown [s\open\src\hotspot\share\prims\jni.cpp, line 520]
Event: 2.826 Thread 0x0000015ed670ba00 Exception <a 'java/lang/NoSuchMethodError'{0x000000058523d200}: 'java.lang.Object java.lang.invoke.MethodHandle.invokeExact(java.lang.Object, java.lang.Object[])'> (0x000000058523d200) 
thrown [s\open\src\hotspot\share\interpreter\linkResolver.cpp, line 773]
Event: 2.826 Thread 0x0000015ed670ba00 Exception <a 'java/lang/NoSuchMethodError'{0x000000058523d588}: 'java.lang.Object java.lang.invoke.MethodHandle.invokeExact(java.lang.Object, java.lang.Object, java.lang.Object, java.lang.Object)'> (0x000000058523d588) 
thrown [s\open\src\hotspot\share\interpreter\linkResolver.cpp, line 773]
Event: 2.826 Thread 0x0000015ed670ba00 Exception <a 'java/lang/NoSuchMethodError'{0x000000058523d900}: 'java.lang.Object java.lang.invoke.MethodHandle.invokeExact(java.lang.Object, java.lang.Object, java.lang.Object)'> (0x000000058523d900) 
thrown [s\open\src\hotspot\share\interpreter\linkResolver.cpp, line 773]
Event: 2.826 Thread 0x0000015ed670ba00 Exception <a 'java/lang/NoSuchMethodError'{0x000000058523dc60}: 'java.lang.Object java.lang.invoke.MethodHandle.invokeExact(java.lang.Object, java.lang.Object)'> (0x000000058523dc60) 
thrown [s\open\src\hotspot\share\interpreter\linkResolver.cpp, line 773]
Event: 2.827 Thread 0x0000015ed670ba00 Exception <a 'java/lang/NoSuchMethodError'{0x000000058523e058}: 'java.lang.Object java.lang.invoke.MethodHandle.invokeExact(java.lang.Object, java.lang.Object[], java.lang.Class)'> (0x000000058523e058) 
thrown [s\open\src\hotspot\share\interpreter\linkResolver.cpp, line 773]
Event: 2.827 Thread 0x0000015ed670ba00 Exception <a 'java/lang/NoSuchMethodError'{0x000000058523e3f0}: 'java.lang.Object java.lang.invoke.MethodHandle.invokeExact(java.lang.Object, java.lang.Object, java.lang.Object, java.lang.Object, java.lang.Class)'> (0x000000058523e3f0) 
thrown [s\open\src\hotspot\share\interpreter\linkResolver.cpp, line 773]
Event: 2.827 Thread 0x0000015ed670ba00 Exception <a 'java/lang/NoSuchMethodError'{0x000000058523e778}: 'java.lang.Object java.lang.invoke.MethodHandle.invokeExact(java.lang.Object, java.lang.Object, java.lang.Object, java.lang.Class)'> (0x000000058523e778) 
thrown [s\open\src\hotspot\share\interpreter\linkResolver.cpp, line 773]
Event: 2.827 Thread 0x0000015ed670ba00 Exception <a 'java/lang/NoSuchMethodError'{0x000000058523eaf0}: 'java.lang.Object java.lang.invoke.MethodHandle.invokeExact(java.lang.Object, java.lang.Object, java.lang.Class)'> (0x000000058523eaf0) 
thrown [s\open\src\hotspot\share\interpreter\linkResolver.cpp, line 773]
Event: 2.827 Thread 0x0000015ed670ba00 Exception <a 'java/lang/NoSuchMethodError'{0x000000058523ee50}: 'java.lang.Object java.lang.invoke.MethodHandle.invokeExact(java.lang.Object, java.lang.Class)'> (0x000000058523ee50) 
thrown [s\open\src\hotspot\share\interpreter\linkResolver.cpp, line 773]
Event: 2.910 Thread 0x0000015eae369940 Exception <a 'java/lang/NoSuchMethodError'{0x0000000585630d98}: 'void java.lang.invoke.DirectMethodHandle$Holder.invokeStatic(java.lang.Object, java.lang.Object, java.lang.Object)'> (0x0000000585630d98) 
thrown [s\open\src\hotspot\share\interpreter\linkResolver.cpp, line 773]
Event: 2.945 Thread 0x0000015eae369940 Exception <a 'java/lang/NoSuchMethodError'{0x00000005856f1be0}: 'java.lang.Object java.lang.invoke.DirectMethodHandle$Holder.invokeInterface(java.lang.Object, java.lang.Object)'> (0x00000005856f1be0) 
thrown [s\open\src\hotspot\share\interpreter\linkResolver.cpp, line 773]
Event: 2.993 Thread 0x0000015eae369940 Exception <a 'java/lang/NoSuchMethodError'{0x0000000585734250}: 'java.lang.Object java.lang.invoke.DirectMethodHandle$Holder.invokeStatic(java.lang.Object, java.lang.Object, int, int)'> (0x0000000585734250) 
thrown [s\open\src\hotspot\share\interpreter\linkResolver.cpp, line 773]
Event: 3.040 Thread 0x0000015eae369940 Exception <a 'java/lang/NoSuchMethodError'{0x0000000585787d08}: 'java.lang.Object java.lang.invoke.DirectMethodHandle$Holder.invokeVirtual(java.lang.Object, java.lang.Object, int)'> (0x0000000585787d08) 
thrown [s\open\src\hotspot\share\interpreter\linkResolver.cpp, line 773]
Event: 3.086 Thread 0x0000015eae369940 Exception <a 'java/lang/NoSuchMethodError'{0x00000005857e4fb0}: 'void java.lang.invoke.DirectMethodHandle$Holder.invokeStatic(java.lang.Object, java.lang.Object)'> (0x00000005857e4fb0) 
thrown [s\open\src\hotspot\share\interpreter\linkResolver.cpp, line 773]
Event: 3.321 Thread 0x0000015eae369940 Exception <a 'java/lang/NoSuchMethodError'{0x0000000585c2e308}: 'int java.lang.invoke.DirectMethodHandle$Holder.invokeSpecial(java.lang.Object, java.lang.Object, java.lang.Object)'> (0x0000000585c2e308) 
thrown [s\open\src\hotspot\share\interpreter\linkResolver.cpp, line 773]
Event: 3.338 Thread 0x0000015eae369940 Exception <a 'java/lang/NoSuchMethodError'{0x0000000585d799d0}: 'java.lang.Object java.lang.invoke.DirectMethodHandle$Holder.invokeVirtual(java.lang.Object, java.lang.Object, java.lang.Object, int, int)'> (0x0000000585d799d0) 
thrown [s\open\src\hotspot\share\interpreter\linkResolver.cpp, line 773]
Event: 3.683 Thread 0x0000015eae369940 Exception <a 'java/lang/NoSuchMethodError'{0x0000000585d62778}: 'void java.lang.invoke.DirectMethodHandle$Holder.invokeSpecial(java.lang.Object, java.lang.Object, java.lang.Object, java.lang.Object, java.lang.Object)'> (0x0000000585d62778) 
thrown [s\open\src\hotspot\share\interpreter\linkResolver.cpp, line 773]
Event: 4.048 Thread 0x0000015eae369940 Exception <a 'java/lang/NoSuchMethodError'{0x0000000585a784c8}: 'java.lang.Object java.lang.invoke.DirectMethodHandle$Holder.invokeVirtual(java.lang.Object, java.lang.Object, java.lang.Object)'> (0x0000000585a784c8) 
thrown [s\open\src\hotspot\share\interpreter\linkResolver.cpp, line 773]

ZGC Phase Switch (0 events):
No events

VM Operations (20 events):
Event: 2.959 Executing VM operation: HandshakeAllThreads (Deoptimize) done
Event: 2.984 Executing VM operation: HandshakeAllThreads (Deoptimize)
Event: 2.984 Executing VM operation: HandshakeAllThreads (Deoptimize) done
Event: 2.989 Executing VM operation: HandshakeAllThreads (Deoptimize)
Event: 2.989 Executing VM operation: HandshakeAllThreads (Deoptimize) done
Event: 3.157 Executing VM operation: G1CollectForAllocation (G1 Evacuation Pause)
Event: 3.188 Executing VM operation: G1CollectForAllocation (G1 Evacuation Pause) done
Event: 3.399 Executing VM operation: G1CollectForAllocation (G1 Evacuation Pause)
Event: 3.404 Executing VM operation: G1CollectForAllocation (G1 Evacuation Pause) done
Event: 3.586 Executing VM operation: HandshakeAllThreads (Deoptimize)
Event: 3.586 Executing VM operation: HandshakeAllThreads (Deoptimize) done
Event: 3.834 Executing VM operation: G1CollectForAllocation (G1 Evacuation Pause)
Event: 3.839 Executing VM operation: G1CollectForAllocation (G1 Evacuation Pause) done
Event: 3.967 Executing VM operation: G1CollectForAllocation (G1 Evacuation Pause)
Event: 3.974 Executing VM operation: G1CollectForAllocation (G1 Evacuation Pause) done
Event: 4.079 Executing VM operation: HandshakeAllThreads (Deoptimize)
Event: 4.079 Executing VM operation: HandshakeAllThreads (Deoptimize) done
Event: 4.126 Executing VM operation: ICBufferFull
Event: 4.127 Executing VM operation: ICBufferFull done
Event: 4.192 Executing VM operation: G1CollectForAllocation (G1 Evacuation Pause)

Events (20 events):
Event: 3.172 Thread 0x0000015ed66e3760 flushing nmethod 0x0000015eb817e490
Event: 3.172 Thread 0x0000015ed66e3760 flushing nmethod 0x0000015eb817e910
Event: 3.172 Thread 0x0000015ed66e3760 flushing nmethod 0x0000015eb8186490
Event: 3.172 Thread 0x0000015ed66e3760 flushing nmethod 0x0000015eb8186d90
Event: 3.172 Thread 0x0000015ed66e3760 flushing nmethod 0x0000015eb818c990
Event: 3.172 Thread 0x0000015ed66e3760 flushing nmethod 0x0000015eb818d090
Event: 3.173 Thread 0x0000015ed66e3760 flushing nmethod 0x0000015eb818d990
Event: 3.173 Thread 0x0000015ed66e3760 flushing nmethod 0x0000015eb818e790
Event: 3.173 Thread 0x0000015ed66e3760 flushing nmethod 0x0000015eb818ee90
Event: 3.173 Thread 0x0000015ed66e3760 flushing nmethod 0x0000015eb818f710
Event: 3.173 Thread 0x0000015ed66e3760 flushing nmethod 0x0000015eb8191110
Event: 3.173 Thread 0x0000015ed66e3760 flushing nmethod 0x0000015eb81b5290
Event: 3.173 Thread 0x0000015ed66e3760 flushing nmethod 0x0000015eb81cb610
Event: 3.173 Thread 0x0000015ed66e3760 flushing nmethod 0x0000015eb81da810
Event: 3.173 Thread 0x0000015ed66e3760 flushing nmethod 0x0000015eb81ddb10
Event: 3.173 Thread 0x0000015ed66e3760 flushing nmethod 0x0000015eb81fd110
Event: 3.173 Thread 0x0000015ed66e3760 flushing nmethod 0x0000015eb8201690
Event: 3.173 Thread 0x0000015ed66e3760 flushing nmethod 0x0000015eb8218510
Event: 3.173 Thread 0x0000015ed66e3760 flushing nmethod 0x0000015eb8234f90
Event: 3.173 Thread 0x0000015ed66e3760 flushing nmethod 0x0000015eb8261f10


Dynamic libraries:
0x00007ff60a0e0000 - 0x00007ff60a0e8000 	C:\Users\janedoe\.jdks\graalvm-jdk-21.0.5\bin\javadoc.exe
0x00007fffa1d20000 - 0x00007fffa1f87000 	C:\WINDOWS\SYSTEM32\ntdll.dll
0x00007fffa0660000 - 0x00007fffa0729000 	C:\WINDOWS\System32\KERNEL32.DLL
0x00007fff9f440000 - 0x00007fff9f82f000 	C:\WINDOWS\System32\KERNELBASE.dll
0x00007fff9f840000 - 0x00007fff9f98b000 	C:\WINDOWS\System32\ucrtbase.dll
0x00007fff905b0000 - 0x00007fff905c9000 	C:\Users\janedoe\.jdks\graalvm-jdk-21.0.5\bin\jli.dll
0x00007fff90590000 - 0x00007fff905ab000 	C:\Users\janedoe\.jdks\graalvm-jdk-21.0.5\bin\VCRUNTIME140.dll
0x00007fffa0340000 - 0x00007fffa03f4000 	C:\WINDOWS\System32\ADVAPI32.dll
0x00007fff9fad0000 - 0x00007fff9fb79000 	C:\WINDOWS\System32\msvcrt.dll
0x00007fffa05b0000 - 0x00007fffa0656000 	C:\WINDOWS\System32\sechost.dll
0x00007fffa07c0000 - 0x00007fffa08d8000 	C:\WINDOWS\System32\RPCRT4.dll
0x00007fffa0d30000 - 0x00007fffa0ef5000 	C:\WINDOWS\System32\USER32.dll
0x00007fff88ec0000 - 0x00007fff89153000 	C:\WINDOWS\WinSxS\amd64_microsoft.windows.common-controls_6595b64144ccf1df_6.0.26100.7309_none_3e05feeae336a044\COMCTL32.dll
0x00007fffa0bc0000 - 0x00007fffa0beb000 	C:\WINDOWS\System32\GDI32.dll
0x00007fff9ee70000 - 0x00007fff9ee97000 	C:\WINDOWS\System32\win32u.dll
0x00007fff9f990000 - 0x00007fff9fabc000 	C:\WINDOWS\System32\gdi32full.dll
0x00007fff9eea0000 - 0x00007fff9ef43000 	C:\WINDOWS\System32\msvcp_win.dll
0x00007fff979c0000 - 0x00007fff979cb000 	C:\WINDOWS\SYSTEM32\VERSION.dll
0x00007fffa0cf0000 - 0x00007fffa0d21000 	C:\WINDOWS\System32\IMM32.DLL
0x00007fff9b880000 - 0x00007fff9b88c000 	C:\Users\janedoe\.jdks\graalvm-jdk-21.0.5\bin\vcruntime140_1.dll
0x00007fff90500000 - 0x00007fff9058e000 	C:\Users\janedoe\.jdks\graalvm-jdk-21.0.5\bin\msvcp140.dll
0x00007ffebf770000 - 0x00007ffec0493000 	C:\Users\janedoe\.jdks\graalvm-jdk-21.0.5\bin\server\jvm.dll
0x00007fffa0110000 - 0x00007fffa0184000 	C:\WINDOWS\System32\WS2_32.dll
0x00007fff9e860000 - 0x00007fff9e8be000 	C:\WINDOWS\SYSTEM32\POWRPROF.dll
0x00007fff8f730000 - 0x00007fff8f765000 	C:\WINDOWS\SYSTEM32\WINMM.dll
0x00007fff9e740000 - 0x00007fff9e754000 	C:\WINDOWS\SYSTEM32\UMPDC.dll
0x00007fff9db40000 - 0x00007fff9db5b000 	C:\WINDOWS\SYSTEM32\kernel.appcore.dll
0x00007fff96310000 - 0x00007fff9631a000 	C:\Users\janedoe\.jdks\graalvm-jdk-21.0.5\bin\jimage.dll
0x00007fff9c560000 - 0x00007fff9c7a2000 	C:\WINDOWS\SYSTEM32\DBGHELP.DLL
0x00007fff9fb80000 - 0x00007fff9ff06000 	C:\WINDOWS\System32\combase.dll
0x00007fff9ff90000 - 0x00007fffa0066000 	C:\WINDOWS\System32\OLEAUT32.dll
0x00007fff82350000 - 0x00007fff8238c000 	C:\WINDOWS\SYSTEM32\dbgcore.DLL
0x00007fff9f300000 - 0x00007fff9f3a5000 	C:\WINDOWS\System32\bcryptPrimitives.dll
0x00007fff904d0000 - 0x00007fff904ef000 	C:\Users\janedoe\.jdks\graalvm-jdk-21.0.5\bin\java.dll
0x00007fffa1580000 - 0x00007fffa1cd3000 	C:\WINDOWS\System32\SHELL32.dll
0x00007fff9f0d0000 - 0x00007fff9f23a000 	C:\WINDOWS\System32\wintypes.dll
0x00007fff9ca50000 - 0x00007fff9d2ae000 	C:\WINDOWS\SYSTEM32\windows.storage.dll
0x00007fffa0bf0000 - 0x00007fffa0ce5000 	C:\WINDOWS\System32\SHCORE.dll
0x00007fffa0190000 - 0x00007fffa01f6000 	C:\WINDOWS\System32\shlwapi.dll
0x00007fff9ed90000 - 0x00007fff9edb9000 	C:\WINDOWS\SYSTEM32\profapi.dll
0x00007fff5e020000 - 0x00007fff5e0f7000 	C:\Users\janedoe\.jdks\graalvm-jdk-21.0.5\bin\jsvml.dll
0x00007ffe7b230000 - 0x00007ffe7e195000 	C:\Users\janedoe\.jdks\graalvm-jdk-21.0.5\bin\jvmcicompiler.dll
0x00007fffa0100000 - 0x00007fffa0108000 	C:\WINDOWS\System32\PSAPI.DLL
0x00007fff9ef50000 - 0x00007fff9f0c7000 	C:\WINDOWS\System32\CRYPT32.dll
0x00007fff9e6e0000 - 0x00007fff9e710000 	C:\WINDOWS\SYSTEM32\ncrypt.dll
0x00007fff9e1e0000 - 0x00007fff9e20b000 	C:\WINDOWS\SYSTEM32\USERENV.dll
0x00007fff9d680000 - 0x00007fff9d6b4000 	C:\WINDOWS\SYSTEM32\IPHLPAPI.DLL
0x00007fff9e130000 - 0x00007fff9e19b000 	C:\WINDOWS\SYSTEM32\MSWSOCK.dll
0x00007fff9e690000 - 0x00007fff9e6cf000 	C:\WINDOWS\SYSTEM32\NTASN1.dll
0x00007fff8d9e0000 - 0x00007fff8d9f8000 	C:\Users\janedoe\.jdks\graalvm-jdk-21.0.5\bin\zip.dll
0x00007fff81ab0000 - 0x00007fff81ac0000 	C:\Users\janedoe\.jdks\graalvm-jdk-21.0.5\bin\net.dll
0x00007fff95ff0000 - 0x00007fff96118000 	C:\WINDOWS\SYSTEM32\WINHTTP.dll
0x00007fff81a90000 - 0x00007fff81aa6000 	C:\Users\janedoe\.jdks\graalvm-jdk-21.0.5\bin\nio.dll

dbghelp: loaded successfully - version: 4.0.5 - missing functions: none
symbol engine: initialized successfully - sym options: 0x614 - pdb path: .;C:\Users\janedoe\.jdks\graalvm-jdk-21.0.5\bin;C:\WINDOWS\SYSTEM32;C:\WINDOWS\WinSxS\amd64_microsoft.windows.common-controls_6595b64144ccf1df_6.0.26100.7309_none_3e05feeae336a044;C:\Users\janedoe\.jdks\graalvm-jdk-21.0.5\bin\server

VM Arguments:
jvm_args: -XX:ThreadPriorityPolicy=1 -XX:+UnlockExperimentalVMOptions -XX:+EnableJVMCIProduct -XX:-UnlockExperimentalVMOptions -Dapplication.home=C:\Users\janedoe\.jdks\graalvm-jdk-21.0.5 --add-modules=ALL-DEFAULT -Xms8m -Djdk.module.main=jdk.javadoc 
java_command: jdk.javadoc/jdk.javadoc.internal.tool.Main @D:\PROG\Java\elasticsearch\elasticsearch\libs\core\build\tmp\javadoc\javadoc.options
java_class_path (initial): <not set>
Launcher Type: SUN_STANDARD

[Global flags]
     intx CICompilerCount                          = 4                                         {product} {ergonomic}
     uint ConcGCThreads                            = 3                                         {product} {ergonomic}
     bool EnableJVMCIProduct                       = true                                {JVMCI product} {jimage}
     uint G1ConcRefinementThreads                  = 10                                        {product} {ergonomic}
   size_t G1HeapRegionSize                         = 8388608                                   {product} {ergonomic}
    uintx GCDrainStackTargetSize                   = 64                                        {product} {ergonomic}
   size_t InitialHeapSize                          = 8388608                                   {product} {command line}
   size_t MarkStackSize                            = 4194304                                   {product} {ergonomic}
   size_t MaxHeapSize                              = 10670309376                               {product} {ergonomic}
   size_t MaxNewSize                               = 6400507904                                {product} {ergonomic}
   size_t MinHeapDeltaBytes                        = 8388608                                   {product} {ergonomic}
   size_t MinHeapSize                              = 8388608                                   {product} {command line}
    uintx NonNMethodCodeHeapSize                   = 6979620                                {pd product} {ergonomic}
    uintx NonProfiledCodeHeapSize                  = 122339310                              {pd product} {ergonomic}
    uintx ProfiledCodeHeapSize                     = 122339310                              {pd product} {ergonomic}
    uintx ReservedCodeCacheSize                    = 251658240                              {pd product} {ergonomic}
     bool SegmentedCodeCache                       = true                                      {product} {ergonomic}
   size_t SoftMaxHeapSize                          = 10670309376                            {manageable} {ergonomic}
      int ThreadPriorityPolicy                     = 1                                         {product} {jimage}
     bool UseCompressedOops                        = true                           {product lp64_product} {ergonomic}
     bool UseG1GC                                  = true                                      {product} {ergonomic}
     bool UseLargePagesIndividualAllocation        = false                                  {pd product} {ergonomic}

Logging:
Log output configuration:
 #0: stdout all=warning uptime,level,tags foldmultilines=false
 #1: stderr all=off uptime,level,tags foldmultilines=false

Environment Variables:
JAVA_HOME=C:\Program Files\Amazon Corretto\jdk11.0.26_4
PATH=C:\Users\janedoe\AppData\Local\ActiveState\StateTool\release\bin;C:\Program Files\Amazon Corretto\jdk11.0.26_4\bin;C:\Program Files\PlasticSCM5\server;C:\Program Files\PlasticSCM5\client;C:\Program Files\Common Files\Oracle\Java\javapath;C:\Program Files (x86)\Common Files\Oracle\Java\java8path;C:\Program Files (x86)\Common Files\Oracle\Java\javapath;C:\WINDOWS\system32;C:\WINDOWS;C:\WINDOWS\System32\Wbem;C:\WINDOWS\System32\WindowsPowerShell\v1.0\;C:\WINDOWS\System32\OpenSSH\;C:\Program Files\dotnet\;C:\Program Files\PowerShell\7\;C:\Program Files\PowerShell\7-preview\preview;C:\Program Files\Git\cmd;C:\Program Files (x86)\NetSarang\Xshell 8\;C:\Program Files (x86)\NetSarang\Xftp 8\;C:\Program Files (x86)\NVIDIA Corporation\PhysX\Common;C:\Program Files\Cloudflare\Cloudflare WARP\;C:\Program Files\AmneziaWG\;C:\Program Files\NVIDIA Corporation\NVIDIA app\NvDLISR;C:\Program Files\Docker\Docker\resources\bin;C:\Strawberry\c\bin;C:\Strawberry\perl\site\bin;C:\Strawberry\perl\bin;C:\Program Files\WiX Toolset v6.0\bin\;C:\Users\janedoe\AppData\Local\Programs\Python\Python313\Scripts\;C:\Users\janedoe\AppData\Local\Programs\Python\Python313\;C:\Program Files\MySQL\MySQL Shell 8.0\bin\;C:\Users\janedoe\AppData\Local\Programs\Python\Python310\Scripts\;C:\Users\janedoe\AppData\Local\Programs\Python\Python310\;C:\Users\janedoe\AppData\Local\Microsoft\WindowsApps;;C:\Program Files\JetBrains\IntelliJ IDEA 2023.3.1\bin;;C:\Users\janedoe\.dotnet\tools;C:\Program Files\JetBrains\IntelliJ IDEA Community Edition 2024.1.4\bin;;C:\Program Files\JetBrains\PyCharm Community Edition 2024.1.4\bin;
USERNAME=janedoe
OS=Windows_NT
PROCESSOR_IDENTIFIER=Intel64 Family 6 Model 154 Stepping 3, GenuineIntel
TMP=C:\Users\janedoe\AppData\Local\Temp
TEMP=C:\Users\janedoe\AppData\Local\Temp




Periodic native trim disabled

---------------  S Y S T E M  ---------------

OS:
 Windows 11 , 64 bit Build 26100 (10.0.26100.7623)
OS uptime: 6 days 22:24 hours
Hyper-V role detected

CPU: total 12 (initial active 12) (6 cores per cpu, 2 threads per core) family 6 model 154 stepping 3 microcode 0x41a, cx8, cmov, fxsr, ht, mmx, 3dnowpref, sse, sse2, sse3, ssse3, sse4.1, sse4.2, popcnt, lzcnt, tsc, tscinvbit, avx, avx2, aes, erms, clmul, bmi1, bmi2, adx, sha, fma, vzeroupper, clflush, clflushopt, clwb, hv, serialize, rdtscp, rdpid, fsrm, f16c, cet_ibt, cet_ss
Processor Information for processor 0
  Max Mhz: 2500, Current Mhz: 2500, Mhz Limit: 2500
Processor Information for processor 1
  Max Mhz: 2500, Current Mhz: 2500, Mhz Limit: 2500
Processor Information for processor 2
  Max Mhz: 2500, Current Mhz: 2500, Mhz Limit: 2500
Processor Information for processor 3
  Max Mhz: 2500, Current Mhz: 2500, Mhz Limit: 2500
Processor Information for processor 4
  Max Mhz: 2500, Current Mhz: 2500, Mhz Limit: 2500
Processor Information for processor 5
  Max Mhz: 2500, Current Mhz: 2500, Mhz Limit: 2500
Processor Information for processor 6
  Max Mhz: 2500, Current Mhz: 2500, Mhz Limit: 2500
Processor Information for processor 7
  Max Mhz: 2500, Current Mhz: 2500, Mhz Limit: 2500
Processor Information for processor 8
  Max Mhz: 2500, Current Mhz: 1875, Mhz Limit: 1875
Processor Information for processor 9
  Max Mhz: 2500, Current Mhz: 1875, Mhz Limit: 1875
Processor Information for processor 10
  Max Mhz: 2500, Current Mhz: 1875, Mhz Limit: 1875
Processor Information for processor 11
  Max Mhz: 2500, Current Mhz: 1875, Mhz Limit: 1875

Memory: 4k page, system-wide physical 40701M (12548M free)
TotalPageFile size 48168M (AvailPageFile size 5M)
current process WorkingSet (physical memory assigned to process): 165M, peak: 165M
current process commit charge ("private bytes"): 181M, peak: 245M

vm_info: Java HotSpot(TM) 64-Bit Server VM (21.0.5+9-LTS-jvmci-23.1-b48) for windows-amd64 JRE (21.0.5+9-LTS-jvmci-23.1-b48), built on 2024-10-01T10:26:49Z by "OCIWIN28Buildbot" with MS VC++ 17.6 (VS2022)

END.
